{"C:\\Users\\user\\Desktop\\git\\questie\\project\\Node\\index.js": {"path":"C:\\Users\\user\\Desktop\\git\\questie\\project\\Node\\index.js","statementMap":{"0":{"start":{"line":1,"column":16},"end":{"line":1,"column":34}},"1":{"start":{"line":2,"column":18},"end":{"line":2,"column":37}},"2":{"start":{"line":3,"column":13},"end":{"line":3,"column":28}},"3":{"start":{"line":4,"column":12},"end":{"line":4,"column":21}},"4":{"start":{"line":5,"column":13},"end":{"line":5,"column":17}},"5":{"start":{"line":6,"column":19},"end":{"line":6,"column":51}},"6":{"start":{"line":7,"column":19},"end":{"line":7,"column":50}},"7":{"start":{"line":8,"column":15},"end":{"line":8,"column":32}},"8":{"start":{"line":9,"column":21},"end":{"line":9,"column":45}},"9":{"start":{"line":11,"column":0},"end":{"line":11,"column":18}},"10":{"start":{"line":12,"column":0},"end":{"line":12,"column":24}},"11":{"start":{"line":13,"column":0},"end":{"line":17,"column":4}},"12":{"start":{"line":19,"column":18},"end":{"line":19,"column":47}},"13":{"start":{"line":20,"column":24},"end":{"line":20,"column":44}},"14":{"start":{"line":22,"column":0},"end":{"line":22,"column":24}},"15":{"start":{"line":23,"column":0},"end":{"line":23,"column":45}},"16":{"start":{"line":27,"column":0},"end":{"line":31,"column":5}},"17":{"start":{"line":29,"column":13},"end":{"line":29,"column":48}},"18":{"start":{"line":30,"column":15},"end":{"line":30,"column":58}},"19":{"start":{"line":34,"column":0},"end":{"line":34,"column":33}},"20":{"start":{"line":35,"column":0},"end":{"line":35,"column":33}},"21":{"start":{"line":37,"column":0},"end":{"line":37,"column":80}},"22":{"start":{"line":40,"column":0},"end":{"line":40,"column":21}}},"fnMap":{"0":{"name":"(anonymous_0)","decl":{"start":{"line":29,"column":8},"end":{"line":29,"column":9}},"loc":{"start":{"line":29,"column":12},"end":{"line":29,"column":49}},"line":29},"1":{"name":"(anonymous_1)","decl":{"start":{"line":30,"column":8},"end":{"line":30,"column":9}},"loc":{"start":{"line":30,"column":14},"end":{"line":30,"column":59}},"line":30}},"branchMap":{},"s":{"0":1,"1":1,"2":1,"3":1,"4":1,"5":1,"6":1,"7":1,"8":1,"9":1,"10":1,"11":1,"12":1,"13":1,"14":1,"15":1,"16":1,"17":1,"18":0,"19":1,"20":1,"21":1,"22":1},"f":{"0":1,"1":0},"b":{},"_coverageSchema":"1a1c01bbd47fc00a2c39e90264f33305004495a9","hash":"6cf2649c8192d6db607716bb3ca9b7a9604277c1"}
,"C:\\Users\\user\\Desktop\\git\\questie\\project\\Node\\swagger.js": {"path":"C:\\Users\\user\\Desktop\\git\\questie\\project\\Node\\swagger.js","statementMap":{"0":{"start":{"line":141,"column":12},"end":{"line":141,"column":42}},"1":{"start":{"line":142,"column":13},"end":{"line":142,"column":43}},"2":{"start":{"line":144,"column":0},"end":{"line":718,"column":2}}},"fnMap":{},"branchMap":{},"s":{"0":1,"1":1,"2":1},"f":{},"b":{},"_coverageSchema":"1a1c01bbd47fc00a2c39e90264f33305004495a9","hash":"d2ce3c402624b519db4550634c326fb161758df8"}
,"C:\\Users\\user\\Desktop\\git\\questie\\project\\Node\\controllers\\posts-controller.js": {"path":"C:\\Users\\user\\Desktop\\git\\questie\\project\\Node\\controllers\\posts-controller.js","statementMap":{"0":{"start":{"line":1,"column":13},"end":{"line":1,"column":44}},"1":{"start":{"line":3,"column":0},"end":{"line":48,"column":1}},"2":{"start":{"line":4,"column":4},"end":{"line":4,"column":44}},"3":{"start":{"line":6,"column":4},"end":{"line":47,"column":5}},"4":{"start":{"line":8,"column":17},"end":{"line":8,"column":46}},"5":{"start":{"line":9,"column":18},"end":{"line":9,"column":49}},"6":{"start":{"line":10,"column":4},"end":{"line":12,"column":7}},"7":{"start":{"line":11,"column":8},"end":{"line":11,"column":19}},"8":{"start":{"line":13,"column":23},"end":{"line":13,"column":41}},"9":{"start":{"line":15,"column":4},"end":{"line":15,"column":77}},"10":{"start":{"line":17,"column":19},"end":{"line":22,"column":8}},"11":{"start":{"line":26,"column":6},"end":{"line":26,"column":48}},"12":{"start":{"line":29,"column":25},"end":{"line":32,"column":8}},"13":{"start":{"line":34,"column":6},"end":{"line":34,"column":46}},"14":{"start":{"line":35,"column":20},"end":{"line":35,"column":67}},"15":{"start":{"line":37,"column":6},"end":{"line":43,"column":9}},"16":{"start":{"line":45,"column":6},"end":{"line":45,"column":33}},"17":{"start":{"line":46,"column":6},"end":{"line":46,"column":45}},"18":{"start":{"line":50,"column":0},"end":{"line":84,"column":1}},"19":{"start":{"line":51,"column":21},"end":{"line":51,"column":40}},"20":{"start":{"line":56,"column":4},"end":{"line":83,"column":5}},"21":{"start":{"line":57,"column":21},"end":{"line":59,"column":39}},"22":{"start":{"line":62,"column":8},"end":{"line":64,"column":9}},"23":{"start":{"line":63,"column":12},"end":{"line":63,"column":83}},"24":{"start":{"line":65,"column":22},"end":{"line":65,"column":114}},"25":{"start":{"line":66,"column":12},"end":{"line":66,"column":72}},"26":{"start":{"line":74,"column":8},"end":{"line":79,"column":43}},"27":{"start":{"line":81,"column":8},"end":{"line":81,"column":34}},"28":{"start":{"line":82,"column":8},"end":{"line":82,"column":42}},"29":{"start":{"line":86,"column":0},"end":{"line":107,"column":1}},"30":{"start":{"line":87,"column":21},"end":{"line":87,"column":40}},"31":{"start":{"line":88,"column":21},"end":{"line":88,"column":34}},"32":{"start":{"line":90,"column":4},"end":{"line":90,"column":48}},"33":{"start":{"line":91,"column":4},"end":{"line":106,"column":5}},"34":{"start":{"line":92,"column":23},"end":{"line":99,"column":9}},"35":{"start":{"line":101,"column":8},"end":{"line":101,"column":48}},"36":{"start":{"line":102,"column":8},"end":{"line":102,"column":56}},"37":{"start":{"line":104,"column":8},"end":{"line":104,"column":49}},"38":{"start":{"line":105,"column":8},"end":{"line":105,"column":42}},"39":{"start":{"line":109,"column":0},"end":{"line":140,"column":1}},"40":{"start":{"line":110,"column":21},"end":{"line":110,"column":40}},"41":{"start":{"line":111,"column":20},"end":{"line":111,"column":32}},"42":{"start":{"line":112,"column":24},"end":{"line":112,"column":37}},"43":{"start":{"line":115,"column":4},"end":{"line":118,"column":5}},"44":{"start":{"line":117,"column":8},"end":{"line":117,"column":84}},"45":{"start":{"line":121,"column":4},"end":{"line":121,"column":102}},"46":{"start":{"line":123,"column":4},"end":{"line":139,"column":5}},"47":{"start":{"line":126,"column":23},"end":{"line":134,"column":9}},"48":{"start":{"line":135,"column":8},"end":{"line":135,"column":65}},"49":{"start":{"line":136,"column":8},"end":{"line":136,"column":43}},"50":{"start":{"line":138,"column":8},"end":{"line":138,"column":42}},"51":{"start":{"line":142,"column":0},"end":{"line":162,"column":1}},"52":{"start":{"line":143,"column":21},"end":{"line":143,"column":40}},"53":{"start":{"line":144,"column":20},"end":{"line":144,"column":32}},"54":{"start":{"line":146,"column":4},"end":{"line":146,"column":53}},"55":{"start":{"line":148,"column":4},"end":{"line":161,"column":5}},"56":{"start":{"line":149,"column":23},"end":{"line":156,"column":9}},"57":{"start":{"line":157,"column":8},"end":{"line":157,"column":43}},"58":{"start":{"line":160,"column":8},"end":{"line":160,"column":41}},"59":{"start":{"line":164,"column":0},"end":{"line":184,"column":1}},"60":{"start":{"line":165,"column":21},"end":{"line":165,"column":38}},"61":{"start":{"line":166,"column":20},"end":{"line":166,"column":32}},"62":{"start":{"line":168,"column":4},"end":{"line":168,"column":53}},"63":{"start":{"line":170,"column":4},"end":{"line":183,"column":5}},"64":{"start":{"line":171,"column":23},"end":{"line":178,"column":9}},"65":{"start":{"line":179,"column":8},"end":{"line":179,"column":43}},"66":{"start":{"line":182,"column":8},"end":{"line":182,"column":41}},"67":{"start":{"line":188,"column":0},"end":{"line":213,"column":1}},"68":{"start":{"line":189,"column":4},"end":{"line":189,"column":37}},"69":{"start":{"line":191,"column":4},"end":{"line":212,"column":5}},"70":{"start":{"line":192,"column":22},"end":{"line":192,"column":81}},"71":{"start":{"line":193,"column":23},"end":{"line":198,"column":10}},"72":{"start":{"line":199,"column":8},"end":{"line":199,"column":45}},"73":{"start":{"line":200,"column":8},"end":{"line":206,"column":11}},"74":{"start":{"line":209,"column":8},"end":{"line":209,"column":35}},"75":{"start":{"line":210,"column":8},"end":{"line":210,"column":42}}},"fnMap":{"0":{"name":"(anonymous_0)","decl":{"start":{"line":3,"column":18},"end":{"line":3,"column":19}},"loc":{"start":{"line":3,"column":35},"end":{"line":48,"column":1}},"line":3},"1":{"name":"(anonymous_1)","decl":{"start":{"line":50,"column":18},"end":{"line":50,"column":19}},"loc":{"start":{"line":50,"column":35},"end":{"line":84,"column":1}},"line":50},"2":{"name":"(anonymous_2)","decl":{"start":{"line":86,"column":17},"end":{"line":86,"column":18}},"loc":{"start":{"line":86,"column":34},"end":{"line":107,"column":1}},"line":86},"3":{"name":"(anonymous_3)","decl":{"start":{"line":109,"column":17},"end":{"line":109,"column":18}},"loc":{"start":{"line":109,"column":34},"end":{"line":140,"column":1}},"line":109},"4":{"name":"(anonymous_4)","decl":{"start":{"line":142,"column":17},"end":{"line":142,"column":18}},"loc":{"start":{"line":142,"column":35},"end":{"line":162,"column":1}},"line":142},"5":{"name":"(anonymous_5)","decl":{"start":{"line":164,"column":22},"end":{"line":164,"column":23}},"loc":{"start":{"line":164,"column":40},"end":{"line":184,"column":1}},"line":164},"6":{"name":"(anonymous_6)","decl":{"start":{"line":188,"column":26},"end":{"line":188,"column":27}},"loc":{"start":{"line":188,"column":43},"end":{"line":213,"column":1}},"line":188}},"branchMap":{"0":{"loc":{"start":{"line":8,"column":17},"end":{"line":8,"column":46}},"type":"binary-expr","locations":[{"start":{"line":8,"column":17},"end":{"line":8,"column":41}},{"start":{"line":8,"column":45},"end":{"line":8,"column":46}}],"line":8},"1":{"loc":{"start":{"line":9,"column":18},"end":{"line":9,"column":49}},"type":"binary-expr","locations":[{"start":{"line":9,"column":18},"end":{"line":9,"column":43}},{"start":{"line":9,"column":47},"end":{"line":9,"column":49}}],"line":9},"2":{"loc":{"start":{"line":10,"column":4},"end":{"line":12,"column":7}},"type":"if","locations":[{"start":{"line":10,"column":4},"end":{"line":12,"column":7}},{"start":{},"end":{}}],"line":10},"3":{"loc":{"start":{"line":35,"column":20},"end":{"line":35,"column":67}},"type":"cond-expr","locations":[{"start":{"line":35,"column":44},"end":{"line":35,"column":63}},{"start":{"line":35,"column":66},"end":{"line":35,"column":67}}],"line":35},"4":{"loc":{"start":{"line":62,"column":8},"end":{"line":64,"column":9}},"type":"if","locations":[{"start":{"line":62,"column":8},"end":{"line":64,"column":9}},{"start":{},"end":{}}],"line":62},"5":{"loc":{"start":{"line":115,"column":4},"end":{"line":118,"column":5}},"type":"if","locations":[{"start":{"line":115,"column":4},"end":{"line":118,"column":5}},{"start":{},"end":{}}],"line":115}},"s":{"0":1,"1":1,"2":1,"3":1,"4":1,"5":1,"6":1,"7":0,"8":1,"9":1,"10":1,"11":1,"12":1,"13":1,"14":1,"15":1,"16":0,"17":0,"18":1,"19":1,"20":1,"21":1,"22":1,"23":0,"24":1,"25":1,"26":1,"27":0,"28":0,"29":1,"30":1,"31":1,"32":1,"33":1,"34":1,"35":1,"36":1,"37":0,"38":0,"39":1,"40":1,"41":1,"42":1,"43":1,"44":0,"45":1,"46":1,"47":1,"48":0,"49":0,"50":1,"51":1,"52":1,"53":1,"54":1,"55":1,"56":1,"57":0,"58":1,"59":1,"60":0,"61":0,"62":0,"63":0,"64":0,"65":0,"66":0,"67":1,"68":1,"69":1,"70":1,"71":1,"72":1,"73":1,"74":0,"75":0},"f":{"0":1,"1":1,"2":1,"3":1,"4":1,"5":0,"6":1},"b":{"0":[1,1],"1":[1,1],"2":[0,1],"3":[0,1],"4":[0,1],"5":[0,1]},"_coverageSchema":"1a1c01bbd47fc00a2c39e90264f33305004495a9","hash":"e46641397f666ff869e948c9da7aef2d920200ba"}
,"C:\\Users\\user\\Desktop\\git\\questie\\project\\Node\\controllers\\user-controller.js": {"path":"C:\\Users\\user\\Desktop\\git\\questie\\project\\Node\\controllers\\user-controller.js","statementMap":{"0":{"start":{"line":1,"column":15},"end":{"line":1,"column":42}},"1":{"start":{"line":2,"column":15},"end":{"line":2,"column":32}},"2":{"start":{"line":3,"column":12},"end":{"line":3,"column":35}},"3":{"start":{"line":4,"column":13},"end":{"line":4,"column":44}},"4":{"start":{"line":6,"column":0},"end":{"line":19,"column":1}},"5":{"start":{"line":7,"column":4},"end":{"line":7,"column":34}},"6":{"start":{"line":9,"column":4},"end":{"line":17,"column":5}},"7":{"start":{"line":10,"column":23},"end":{"line":10,"column":68}},"8":{"start":{"line":12,"column":8},"end":{"line":12,"column":45}},"9":{"start":{"line":15,"column":8},"end":{"line":15,"column":42}},"10":{"start":{"line":20,"column":0},"end":{"line":33,"column":1}},"11":{"start":{"line":21,"column":21},"end":{"line":21,"column":40}},"12":{"start":{"line":24,"column":4},"end":{"line":32,"column":5}},"13":{"start":{"line":25,"column":23},"end":{"line":25,"column":62}},"14":{"start":{"line":26,"column":8},"end":{"line":26,"column":44}},"15":{"start":{"line":27,"column":8},"end":{"line":27,"column":59}},"16":{"start":{"line":29,"column":8},"end":{"line":29,"column":42}},"17":{"start":{"line":30,"column":8},"end":{"line":30,"column":42}},"18":{"start":{"line":34,"column":0},"end":{"line":66,"column":1}},"19":{"start":{"line":36,"column":27},"end":{"line":36,"column":67}},"20":{"start":{"line":38,"column":20},"end":{"line":45,"column":6}},"21":{"start":{"line":47,"column":25},"end":{"line":47,"column":76}},"22":{"start":{"line":48,"column":4},"end":{"line":50,"column":5}},"23":{"start":{"line":49,"column":8},"end":{"line":49,"column":59}},"24":{"start":{"line":51,"column":23},"end":{"line":51,"column":68}},"25":{"start":{"line":52,"column":4},"end":{"line":54,"column":5}},"26":{"start":{"line":53,"column":8},"end":{"line":53,"column":60}},"27":{"start":{"line":58,"column":4},"end":{"line":65,"column":5}},"28":{"start":{"line":59,"column":23},"end":{"line":59,"column":43}},"29":{"start":{"line":60,"column":8},"end":{"line":60,"column":43}},"30":{"start":{"line":61,"column":8},"end":{"line":61,"column":72}},"31":{"start":{"line":63,"column":8},"end":{"line":63,"column":47}},"32":{"start":{"line":64,"column":8},"end":{"line":64,"column":50}},"33":{"start":{"line":71,"column":0},"end":{"line":88,"column":4}},"34":{"start":{"line":72,"column":21},"end":{"line":72,"column":40}},"35":{"start":{"line":74,"column":4},"end":{"line":74,"column":55}},"36":{"start":{"line":76,"column":4},"end":{"line":87,"column":5}},"37":{"start":{"line":77,"column":21},"end":{"line":77,"column":72}},"38":{"start":{"line":78,"column":6},"end":{"line":81,"column":7}},"39":{"start":{"line":79,"column":8},"end":{"line":79,"column":62}},"40":{"start":{"line":80,"column":8},"end":{"line":80,"column":79}},"41":{"start":{"line":82,"column":6},"end":{"line":82,"column":47}},"42":{"start":{"line":83,"column":6},"end":{"line":83,"column":58}},"43":{"start":{"line":85,"column":6},"end":{"line":85,"column":45}},"44":{"start":{"line":86,"column":6},"end":{"line":86,"column":57}},"45":{"start":{"line":91,"column":0},"end":{"line":122,"column":1}},"46":{"start":{"line":92,"column":21},"end":{"line":92,"column":38}},"47":{"start":{"line":93,"column":21},"end":{"line":93,"column":38}},"48":{"start":{"line":96,"column":0},"end":{"line":121,"column":5}},"49":{"start":{"line":97,"column":17},"end":{"line":97,"column":47}},"50":{"start":{"line":99,"column":4},"end":{"line":99,"column":49}},"51":{"start":{"line":100,"column":4},"end":{"line":102,"column":5}},"52":{"start":{"line":101,"column":8},"end":{"line":101,"column":91}},"53":{"start":{"line":103,"column":4},"end":{"line":103,"column":45}},"54":{"start":{"line":104,"column":20},"end":{"line":104,"column":65}},"55":{"start":{"line":105,"column":4},"end":{"line":107,"column":5}},"56":{"start":{"line":106,"column":8},"end":{"line":106,"column":68}},"57":{"start":{"line":109,"column":4},"end":{"line":109,"column":34}},"58":{"start":{"line":110,"column":4},"end":{"line":110,"column":55}},"59":{"start":{"line":112,"column":18},"end":{"line":112,"column":138}},"60":{"start":{"line":113,"column":4},"end":{"line":113,"column":56}},"61":{"start":{"line":114,"column":4},"end":{"line":114,"column":33}},"62":{"start":{"line":116,"column":4},"end":{"line":116,"column":66}},"63":{"start":{"line":118,"column":4},"end":{"line":118,"column":62}},"64":{"start":{"line":120,"column":4},"end":{"line":120,"column":55}},"65":{"start":{"line":125,"column":0},"end":{"line":142,"column":1}},"66":{"start":{"line":126,"column":18},"end":{"line":126,"column":32}},"67":{"start":{"line":128,"column":4},"end":{"line":140,"column":5}},"68":{"start":{"line":129,"column":23},"end":{"line":129,"column":56}},"69":{"start":{"line":131,"column":8},"end":{"line":135,"column":9}},"70":{"start":{"line":132,"column":12},"end":{"line":132,"column":28}},"71":{"start":{"line":133,"column":12},"end":{"line":133,"column":50}},"72":{"start":{"line":134,"column":12},"end":{"line":134,"column":46}},"73":{"start":{"line":137,"column":8},"end":{"line":137,"column":25}},"74":{"start":{"line":138,"column":8},"end":{"line":138,"column":47}},"75":{"start":{"line":139,"column":8},"end":{"line":139,"column":44}},"76":{"start":{"line":144,"column":0},"end":{"line":161,"column":4}},"77":{"start":{"line":145,"column":21},"end":{"line":145,"column":38}},"78":{"start":{"line":147,"column":4},"end":{"line":160,"column":5}},"79":{"start":{"line":148,"column":21},"end":{"line":148,"column":63}},"80":{"start":{"line":150,"column":6},"end":{"line":154,"column":7}},"81":{"start":{"line":151,"column":8},"end":{"line":151,"column":24}},"82":{"start":{"line":152,"column":8},"end":{"line":152,"column":46}},"83":{"start":{"line":153,"column":8},"end":{"line":153,"column":58}},"84":{"start":{"line":155,"column":6},"end":{"line":155,"column":45}},"85":{"start":{"line":157,"column":6},"end":{"line":157,"column":23}},"86":{"start":{"line":158,"column":6},"end":{"line":158,"column":45}},"87":{"start":{"line":159,"column":6},"end":{"line":159,"column":57}},"88":{"start":{"line":163,"column":2},"end":{"line":217,"column":4}},"89":{"start":{"line":166,"column":19},"end":{"line":166,"column":30}},"90":{"start":{"line":167,"column":66},"end":{"line":167,"column":74}},"91":{"start":{"line":169,"column":2},"end":{"line":216,"column":5}},"92":{"start":{"line":170,"column":4},"end":{"line":170,"column":50}},"93":{"start":{"line":171,"column":25},"end":{"line":171,"column":53}},"94":{"start":{"line":172,"column":4},"end":{"line":172,"column":45}},"95":{"start":{"line":173,"column":4},"end":{"line":175,"column":5}},"96":{"start":{"line":174,"column":6},"end":{"line":174,"column":77}},"97":{"start":{"line":177,"column":4},"end":{"line":184,"column":5}},"98":{"start":{"line":178,"column":29},"end":{"line":178,"column":61}},"99":{"start":{"line":179,"column":6},"end":{"line":181,"column":7}},"100":{"start":{"line":180,"column":8},"end":{"line":180,"column":88}},"101":{"start":{"line":182,"column":6},"end":{"line":182,"column":39}},"102":{"start":{"line":183,"column":6},"end":{"line":183,"column":60}},"103":{"start":{"line":186,"column":4},"end":{"line":193,"column":5}},"104":{"start":{"line":187,"column":26},"end":{"line":187,"column":55}},"105":{"start":{"line":188,"column":6},"end":{"line":190,"column":7}},"106":{"start":{"line":189,"column":8},"end":{"line":189,"column":85}},"107":{"start":{"line":191,"column":6},"end":{"line":191,"column":33}},"108":{"start":{"line":192,"column":6},"end":{"line":192,"column":54}},"109":{"start":{"line":195,"column":4},"end":{"line":198,"column":5}},"110":{"start":{"line":196,"column":6},"end":{"line":196,"column":41}},"111":{"start":{"line":197,"column":6},"end":{"line":197,"column":62}},"112":{"start":{"line":200,"column":4},"end":{"line":203,"column":5}},"113":{"start":{"line":201,"column":6},"end":{"line":201,"column":39}},"114":{"start":{"line":202,"column":6},"end":{"line":202,"column":60}},"115":{"start":{"line":205,"column":4},"end":{"line":207,"column":5}},"116":{"start":{"line":206,"column":6},"end":{"line":206,"column":65}},"117":{"start":{"line":209,"column":24},"end":{"line":209,"column":49}},"118":{"start":{"line":210,"column":4},"end":{"line":210,"column":59}},"119":{"start":{"line":211,"column":4},"end":{"line":211,"column":50}},"120":{"start":{"line":214,"column":6},"end":{"line":214,"column":51}},"121":{"start":{"line":215,"column":6},"end":{"line":215,"column":77}},"122":{"start":{"line":218,"column":0},"end":{"line":229,"column":1}},"123":{"start":{"line":219,"column":21},"end":{"line":219,"column":38}},"124":{"start":{"line":220,"column":17},"end":{"line":220,"column":30}},"125":{"start":{"line":222,"column":4},"end":{"line":228,"column":5}},"126":{"start":{"line":223,"column":26},"end":{"line":223,"column":97}},"127":{"start":{"line":224,"column":6},"end":{"line":224,"column":52}},"128":{"start":{"line":226,"column":8},"end":{"line":226,"column":66}},"129":{"start":{"line":227,"column":8},"end":{"line":227,"column":59}}},"fnMap":{"0":{"name":"(anonymous_0)","decl":{"start":{"line":6,"column":18},"end":{"line":6,"column":19}},"loc":{"start":{"line":6,"column":35},"end":{"line":19,"column":1}},"line":6},"1":{"name":"(anonymous_1)","decl":{"start":{"line":20,"column":18},"end":{"line":20,"column":19}},"loc":{"start":{"line":20,"column":35},"end":{"line":33,"column":1}},"line":20},"2":{"name":"(anonymous_2)","decl":{"start":{"line":34,"column":17},"end":{"line":34,"column":18}},"loc":{"start":{"line":34,"column":34},"end":{"line":66,"column":1}},"line":34},"3":{"name":"(anonymous_3)","decl":{"start":{"line":71,"column":17},"end":{"line":71,"column":18}},"loc":{"start":{"line":71,"column":37},"end":{"line":88,"column":3}},"line":71},"4":{"name":"(anonymous_4)","decl":{"start":{"line":91,"column":16},"end":{"line":91,"column":17}},"loc":{"start":{"line":91,"column":33},"end":{"line":122,"column":1}},"line":91},"5":{"name":"(anonymous_5)","decl":{"start":{"line":125,"column":21},"end":{"line":125,"column":22}},"loc":{"start":{"line":125,"column":38},"end":{"line":142,"column":1}},"line":125},"6":{"name":"(anonymous_6)","decl":{"start":{"line":144,"column":24},"end":{"line":144,"column":25}},"loc":{"start":{"line":144,"column":44},"end":{"line":161,"column":3}},"line":144},"7":{"name":"(anonymous_7)","decl":{"start":{"line":163,"column":23},"end":{"line":163,"column":24}},"loc":{"start":{"line":163,"column":43},"end":{"line":217,"column":3}},"line":163},"8":{"name":"(anonymous_8)","decl":{"start":{"line":218,"column":21},"end":{"line":218,"column":22}},"loc":{"start":{"line":218,"column":41},"end":{"line":229,"column":1}},"line":218}},"branchMap":{"0":{"loc":{"start":{"line":48,"column":4},"end":{"line":50,"column":5}},"type":"if","locations":[{"start":{"line":48,"column":4},"end":{"line":50,"column":5}},{"start":{},"end":{}}],"line":48},"1":{"loc":{"start":{"line":52,"column":4},"end":{"line":54,"column":5}},"type":"if","locations":[{"start":{"line":52,"column":4},"end":{"line":54,"column":5}},{"start":{},"end":{}}],"line":52},"2":{"loc":{"start":{"line":78,"column":6},"end":{"line":81,"column":7}},"type":"if","locations":[{"start":{"line":78,"column":6},"end":{"line":81,"column":7}},{"start":{},"end":{}}],"line":78},"3":{"loc":{"start":{"line":100,"column":4},"end":{"line":102,"column":5}},"type":"if","locations":[{"start":{"line":100,"column":4},"end":{"line":102,"column":5}},{"start":{},"end":{}}],"line":100},"4":{"loc":{"start":{"line":105,"column":4},"end":{"line":107,"column":5}},"type":"if","locations":[{"start":{"line":105,"column":4},"end":{"line":107,"column":5}},{"start":{},"end":{}}],"line":105},"5":{"loc":{"start":{"line":131,"column":8},"end":{"line":135,"column":9}},"type":"if","locations":[{"start":{"line":131,"column":8},"end":{"line":135,"column":9}},{"start":{},"end":{}}],"line":131},"6":{"loc":{"start":{"line":150,"column":6},"end":{"line":154,"column":7}},"type":"if","locations":[{"start":{"line":150,"column":6},"end":{"line":154,"column":7}},{"start":{},"end":{}}],"line":150},"7":{"loc":{"start":{"line":173,"column":4},"end":{"line":175,"column":5}},"type":"if","locations":[{"start":{"line":173,"column":4},"end":{"line":175,"column":5}},{"start":{},"end":{}}],"line":173},"8":{"loc":{"start":{"line":177,"column":4},"end":{"line":184,"column":5}},"type":"if","locations":[{"start":{"line":177,"column":4},"end":{"line":184,"column":5}},{"start":{},"end":{}}],"line":177},"9":{"loc":{"start":{"line":179,"column":6},"end":{"line":181,"column":7}},"type":"if","locations":[{"start":{"line":179,"column":6},"end":{"line":181,"column":7}},{"start":{},"end":{}}],"line":179},"10":{"loc":{"start":{"line":179,"column":10},"end":{"line":179,"column":56}},"type":"binary-expr","locations":[{"start":{"line":179,"column":10},"end":{"line":179,"column":24}},{"start":{"line":179,"column":28},"end":{"line":179,"column":56}}],"line":179},"11":{"loc":{"start":{"line":186,"column":4},"end":{"line":193,"column":5}},"type":"if","locations":[{"start":{"line":186,"column":4},"end":{"line":193,"column":5}},{"start":{},"end":{}}],"line":186},"12":{"loc":{"start":{"line":188,"column":6},"end":{"line":190,"column":7}},"type":"if","locations":[{"start":{"line":188,"column":6},"end":{"line":190,"column":7}},{"start":{},"end":{}}],"line":188},"13":{"loc":{"start":{"line":188,"column":10},"end":{"line":188,"column":50}},"type":"binary-expr","locations":[{"start":{"line":188,"column":10},"end":{"line":188,"column":21}},{"start":{"line":188,"column":25},"end":{"line":188,"column":50}}],"line":188},"14":{"loc":{"start":{"line":195,"column":4},"end":{"line":198,"column":5}},"type":"if","locations":[{"start":{"line":195,"column":4},"end":{"line":198,"column":5}},{"start":{},"end":{}}],"line":195},"15":{"loc":{"start":{"line":200,"column":4},"end":{"line":203,"column":5}},"type":"if","locations":[{"start":{"line":200,"column":4},"end":{"line":203,"column":5}},{"start":{},"end":{}}],"line":200},"16":{"loc":{"start":{"line":205,"column":4},"end":{"line":207,"column":5}},"type":"if","locations":[{"start":{"line":205,"column":4},"end":{"line":207,"column":5}},{"start":{},"end":{}}],"line":205}},"s":{"0":1,"1":1,"2":1,"3":1,"4":1,"5":1,"6":1,"7":1,"8":1,"9":0,"10":1,"11":1,"12":1,"13":1,"14":1,"15":1,"16":0,"17":0,"18":1,"19":1,"20":1,"21":1,"22":1,"23":0,"24":1,"25":1,"26":0,"27":1,"28":1,"29":1,"30":1,"31":0,"32":0,"33":1,"34":1,"35":1,"36":1,"37":1,"38":1,"39":0,"40":0,"41":1,"42":1,"43":0,"44":0,"45":1,"46":1,"47":1,"48":1,"49":1,"50":1,"51":1,"52":0,"53":1,"54":1,"55":1,"56":0,"57":1,"58":1,"59":1,"60":1,"61":1,"62":1,"63":1,"64":0,"65":1,"66":1,"67":1,"68":1,"69":1,"70":1,"71":1,"72":1,"73":0,"74":0,"75":0,"76":1,"77":1,"78":1,"79":1,"80":1,"81":1,"82":1,"83":1,"84":0,"85":0,"86":0,"87":0,"88":1,"89":1,"90":1,"91":1,"92":1,"93":1,"94":1,"95":1,"96":0,"97":1,"98":1,"99":1,"100":0,"101":1,"102":1,"103":1,"104":1,"105":1,"106":0,"107":1,"108":1,"109":1,"110":1,"111":1,"112":1,"113":1,"114":1,"115":1,"116":1,"117":1,"118":1,"119":1,"120":0,"121":0,"122":1,"123":1,"124":1,"125":1,"126":1,"127":1,"128":0,"129":0},"f":{"0":1,"1":1,"2":1,"3":1,"4":1,"5":1,"6":1,"7":1,"8":1},"b":{"0":[0,1],"1":[0,1],"2":[0,1],"3":[0,1],"4":[0,1],"5":[1,0],"6":[1,0],"7":[0,1],"8":[1,0],"9":[0,1],"10":[1,0],"11":[1,0],"12":[0,1],"13":[1,0],"14":[1,0],"15":[1,0],"16":[1,0]},"_coverageSchema":"1a1c01bbd47fc00a2c39e90264f33305004495a9","hash":"a9be531f4ae4e6cca3f688e507487d4fed5cfa96"}
,"C:\\Users\\user\\Desktop\\git\\questie\\project\\Node\\logger\\logger.js": {"path":"C:\\Users\\user\\Desktop\\git\\questie\\project\\Node\\logger\\logger.js","statementMap":{"0":{"start":{"line":1,"column":45},"end":{"line":1,"column":63}},"1":{"start":{"line":2,"column":0},"end":{"line":2,"column":37}},"2":{"start":{"line":3,"column":0},"end":{"line":3,"column":27}},"3":{"start":{"line":5,"column":51},"end":{"line":5,"column":57}},"4":{"start":{"line":7,"column":17},"end":{"line":7,"column":40}},"5":{"start":{"line":9,"column":28},"end":{"line":15,"column":2}},"6":{"start":{"line":17,"column":15},"end":{"line":48,"column":2}},"7":{"start":{"line":50,"column":0},"end":{"line":50,"column":24}}},"fnMap":{},"branchMap":{},"s":{"0":1,"1":1,"2":1,"3":1,"4":1,"5":1,"6":1,"7":1},"f":{},"b":{},"_coverageSchema":"1a1c01bbd47fc00a2c39e90264f33305004495a9","hash":"07b6dd96e2bce755763d0f38c9b8ebdc108de97d"}
,"C:\\Users\\user\\Desktop\\git\\questie\\project\\Node\\middleware\\cookieJwtAuth.js": {"path":"C:\\Users\\user\\Desktop\\git\\questie\\project\\Node\\middleware\\cookieJwtAuth.js","statementMap":{"0":{"start":{"line":1,"column":12},"end":{"line":1,"column":35}},"1":{"start":{"line":4,"column":24},"end":{"line":23,"column":1}},"2":{"start":{"line":6,"column":23},"end":{"line":6,"column":48}},"3":{"start":{"line":8,"column":4},"end":{"line":11,"column":5}},"4":{"start":{"line":9,"column":8},"end":{"line":9,"column":67}},"5":{"start":{"line":13,"column":4},"end":{"line":22,"column":5}},"6":{"start":{"line":14,"column":22},"end":{"line":14,"column":46}},"7":{"start":{"line":15,"column":21},"end":{"line":15,"column":62}},"8":{"start":{"line":16,"column":8},"end":{"line":16,"column":39}},"9":{"start":{"line":17,"column":8},"end":{"line":17,"column":24}},"10":{"start":{"line":18,"column":8},"end":{"line":18,"column":15}},"11":{"start":{"line":20,"column":8},"end":{"line":20,"column":51}},"12":{"start":{"line":21,"column":8},"end":{"line":21,"column":40}},"13":{"start":{"line":25,"column":0},"end":{"line":25,"column":31}}},"fnMap":{"0":{"name":"(anonymous_0)","decl":{"start":{"line":4,"column":24},"end":{"line":4,"column":25}},"loc":{"start":{"line":4,"column":41},"end":{"line":23,"column":1}},"line":4}},"branchMap":{"0":{"loc":{"start":{"line":8,"column":4},"end":{"line":11,"column":5}},"type":"if","locations":[{"start":{"line":8,"column":4},"end":{"line":11,"column":5}},{"start":{},"end":{}}],"line":8}},"s":{"0":1,"1":1,"2":11,"3":11,"4":0,"5":11,"6":11,"7":11,"8":11,"9":11,"10":11,"11":0,"12":0,"13":1},"f":{"0":11},"b":{"0":[0,11]},"_coverageSchema":"1a1c01bbd47fc00a2c39e90264f33305004495a9","hash":"e5f789dbcd035ba798f837be7f049db874dad94f"}
,"C:\\Users\\user\\Desktop\\git\\questie\\project\\Node\\middleware\\paginator.js": {"path":"C:\\Users\\user\\Desktop\\git\\questie\\project\\Node\\middleware\\paginator.js","statementMap":{"0":{"start":{"line":1,"column":19},"end":{"line":22,"column":3}},"1":{"start":{"line":2,"column":4},"end":{"line":21,"column":6}},"2":{"start":{"line":3,"column":6},"end":{"line":20,"column":7}},"3":{"start":{"line":4,"column":21},"end":{"line":4,"column":50}},"4":{"start":{"line":5,"column":22},"end":{"line":5,"column":53}},"5":{"start":{"line":6,"column":27},"end":{"line":6,"column":45}},"6":{"start":{"line":7,"column":22},"end":{"line":7,"column":50}},"7":{"start":{"line":9,"column":8},"end":{"line":15,"column":10}},"8":{"start":{"line":17,"column":8},"end":{"line":17,"column":15}},"9":{"start":{"line":19,"column":8},"end":{"line":19,"column":67}},"10":{"start":{"line":24,"column":2},"end":{"line":24,"column":30}}},"fnMap":{"0":{"name":"(anonymous_0)","decl":{"start":{"line":1,"column":19},"end":{"line":1,"column":20}},"loc":{"start":{"line":1,"column":30},"end":{"line":22,"column":3}},"line":1},"1":{"name":"(anonymous_1)","decl":{"start":{"line":2,"column":11},"end":{"line":2,"column":12}},"loc":{"start":{"line":2,"column":37},"end":{"line":21,"column":5}},"line":2}},"branchMap":{"0":{"loc":{"start":{"line":4,"column":21},"end":{"line":4,"column":50}},"type":"binary-expr","locations":[{"start":{"line":4,"column":21},"end":{"line":4,"column":45}},{"start":{"line":4,"column":49},"end":{"line":4,"column":50}}],"line":4},"1":{"loc":{"start":{"line":5,"column":22},"end":{"line":5,"column":53}},"type":"binary-expr","locations":[{"start":{"line":5,"column":22},"end":{"line":5,"column":47}},{"start":{"line":5,"column":51},"end":{"line":5,"column":53}}],"line":5}},"s":{"0":1,"1":3,"2":3,"3":3,"4":3,"5":3,"6":3,"7":3,"8":3,"9":0,"10":1},"f":{"0":3,"1":3},"b":{"0":[3,3],"1":[3,3]},"_coverageSchema":"1a1c01bbd47fc00a2c39e90264f33305004495a9","hash":"fe9096fbefde214661dc988eddea6c865bdfc0db"}
,"C:\\Users\\user\\Desktop\\git\\questie\\project\\Node\\middleware\\roles.js": {"path":"C:\\Users\\user\\Desktop\\git\\questie\\project\\Node\\middleware\\roles.js","statementMap":{"0":{"start":{"line":1,"column":17},"end":{"line":20,"column":1}},"1":{"start":{"line":2,"column":4},"end":{"line":19,"column":6}},"2":{"start":{"line":3,"column":8},"end":{"line":3,"column":51}},"3":{"start":{"line":5,"column":8},"end":{"line":9,"column":9}},"4":{"start":{"line":6,"column":12},"end":{"line":6,"column":66}},"5":{"start":{"line":8,"column":12},"end":{"line":8,"column":56}},"6":{"start":{"line":11,"column":8},"end":{"line":15,"column":9}},"7":{"start":{"line":12,"column":12},"end":{"line":12,"column":106}},"8":{"start":{"line":14,"column":12},"end":{"line":14,"column":57}},"9":{"start":{"line":16,"column":8},"end":{"line":16,"column":80}},"10":{"start":{"line":18,"column":8},"end":{"line":18,"column":15}},"11":{"start":{"line":22,"column":0},"end":{"line":22,"column":26}}},"fnMap":{"0":{"name":"(anonymous_0)","decl":{"start":{"line":1,"column":17},"end":{"line":1,"column":18}},"loc":{"start":{"line":1,"column":28},"end":{"line":20,"column":1}},"line":1},"1":{"name":"(anonymous_1)","decl":{"start":{"line":2,"column":11},"end":{"line":2,"column":12}},"loc":{"start":{"line":2,"column":31},"end":{"line":19,"column":5}},"line":2}},"branchMap":{"0":{"loc":{"start":{"line":5,"column":8},"end":{"line":9,"column":9}},"type":"if","locations":[{"start":{"line":5,"column":8},"end":{"line":9,"column":9}},{"start":{},"end":{}}],"line":5},"1":{"loc":{"start":{"line":11,"column":8},"end":{"line":15,"column":9}},"type":"if","locations":[{"start":{"line":11,"column":8},"end":{"line":15,"column":9}},{"start":{},"end":{}}],"line":11}},"s":{"0":1,"1":5,"2":4,"3":4,"4":0,"5":0,"6":4,"7":0,"8":0,"9":4,"10":4,"11":1},"f":{"0":5,"1":4},"b":{"0":[0,4],"1":[0,4]},"_coverageSchema":"1a1c01bbd47fc00a2c39e90264f33305004495a9","hash":"1d7682143d7b3d37ec8f0f112b7e2a5753bc29b1"}
,"C:\\Users\\user\\Desktop\\git\\questie\\project\\Node\\models\\user-model.js": {"path":"C:\\Users\\user\\Desktop\\git\\questie\\project\\Node\\models\\user-model.js","statementMap":{"0":{"start":{"line":1,"column":17},"end":{"line":1,"column":36}},"1":{"start":{"line":2,"column":24},"end":{"line":2,"column":60}},"2":{"start":{"line":4,"column":15},"end":{"line":4,"column":30}},"3":{"start":{"line":6,"column":17},"end":{"line":9,"column":2}},"4":{"start":{"line":13,"column":17},"end":{"line":79,"column":2}},"5":{"start":{"line":81,"column":0},"end":{"line":81,"column":35}},"6":{"start":{"line":84,"column":0},"end":{"line":84,"column":50}}},"fnMap":{},"branchMap":{},"s":{"0":1,"1":1,"2":1,"3":1,"4":1,"5":1,"6":1},"f":{},"b":{},"_coverageSchema":"1a1c01bbd47fc00a2c39e90264f33305004495a9","hash":"f63d4e2e7f8195ac2bd27b1593f869c9b4a63a29"}
,"C:\\Users\\user\\Desktop\\git\\questie\\project\\Node\\routes\\posts-routes.js": {"path":"C:\\Users\\user\\Desktop\\git\\questie\\project\\Node\\routes\\posts-routes.js","statementMap":{"0":{"start":{"line":1,"column":16},"end":{"line":1,"column":34}},"1":{"start":{"line":2,"column":15},"end":{"line":2,"column":31}},"2":{"start":{"line":3,"column":22},"end":{"line":3,"column":60}},"3":{"start":{"line":4,"column":17},"end":{"line":4,"column":47}},"4":{"start":{"line":5,"column":27},"end":{"line":5,"column":69}},"5":{"start":{"line":6,"column":19},"end":{"line":6,"column":53}},"6":{"start":{"line":7,"column":13},"end":{"line":7,"column":44}},"7":{"start":{"line":11,"column":0},"end":{"line":11,"column":88}},"8":{"start":{"line":12,"column":0},"end":{"line":12,"column":94}},"9":{"start":{"line":13,"column":0},"end":{"line":13,"column":83}},"10":{"start":{"line":14,"column":0},"end":{"line":14,"column":73}},"11":{"start":{"line":15,"column":0},"end":{"line":15,"column":74}},"12":{"start":{"line":16,"column":0},"end":{"line":16,"column":75}},"13":{"start":{"line":17,"column":0},"end":{"line":17,"column":96}},"14":{"start":{"line":21,"column":0},"end":{"line":21,"column":24}}},"fnMap":{},"branchMap":{},"s":{"0":1,"1":1,"2":1,"3":1,"4":1,"5":1,"6":1,"7":1,"8":1,"9":1,"10":1,"11":1,"12":1,"13":1,"14":1},"f":{},"b":{},"_coverageSchema":"1a1c01bbd47fc00a2c39e90264f33305004495a9","hash":"5e8639d18aae035fe26a09d32b82bc53221e3b57"}
,"C:\\Users\\user\\Desktop\\git\\questie\\project\\Node\\routes\\user-routes.js": {"path":"C:\\Users\\user\\Desktop\\git\\questie\\project\\Node\\routes\\user-routes.js","statementMap":{"0":{"start":{"line":1,"column":16},"end":{"line":1,"column":34}},"1":{"start":{"line":2,"column":15},"end":{"line":2,"column":31}},"2":{"start":{"line":3,"column":22},"end":{"line":3,"column":60}},"3":{"start":{"line":4,"column":17},"end":{"line":4,"column":47}},"4":{"start":{"line":6,"column":23},"end":{"line":6,"column":64}},"5":{"start":{"line":8,"column":0},"end":{"line":8,"column":83}},"6":{"start":{"line":9,"column":0},"end":{"line":9,"column":99}},"7":{"start":{"line":10,"column":0},"end":{"line":10,"column":53}},"8":{"start":{"line":11,"column":0},"end":{"line":11,"column":59}},"9":{"start":{"line":12,"column":0},"end":{"line":12,"column":48}},"10":{"start":{"line":13,"column":0},"end":{"line":13,"column":44}},"11":{"start":{"line":14,"column":0},"end":{"line":14,"column":64}},"12":{"start":{"line":15,"column":0},"end":{"line":15,"column":78}},"13":{"start":{"line":16,"column":0},"end":{"line":16,"column":93}},"14":{"start":{"line":18,"column":0},"end":{"line":18,"column":24}}},"fnMap":{},"branchMap":{},"s":{"0":1,"1":1,"2":1,"3":1,"4":1,"5":1,"6":1,"7":1,"8":1,"9":1,"10":1,"11":1,"12":1,"13":1,"14":1},"f":{},"b":{},"_coverageSchema":"1a1c01bbd47fc00a2c39e90264f33305004495a9","hash":"4bd343b7c302a58fb97c84155041d3d131e5b889"}
}
