{"C:\\Users\\user\\Desktop\\git\\questie\\project\\Node\\index.js": {"path":"C:\\Users\\user\\Desktop\\git\\questie\\project\\Node\\index.js","statementMap":{"0":{"start":{"line":1,"column":16},"end":{"line":1,"column":34}},"1":{"start":{"line":2,"column":18},"end":{"line":2,"column":37}},"2":{"start":{"line":3,"column":13},"end":{"line":3,"column":28}},"3":{"start":{"line":4,"column":12},"end":{"line":4,"column":21}},"4":{"start":{"line":5,"column":13},"end":{"line":5,"column":17}},"5":{"start":{"line":6,"column":19},"end":{"line":6,"column":51}},"6":{"start":{"line":7,"column":19},"end":{"line":7,"column":50}},"7":{"start":{"line":8,"column":15},"end":{"line":8,"column":32}},"8":{"start":{"line":9,"column":21},"end":{"line":9,"column":45}},"9":{"start":{"line":11,"column":0},"end":{"line":11,"column":18}},"10":{"start":{"line":12,"column":0},"end":{"line":12,"column":24}},"11":{"start":{"line":14,"column":0},"end":{"line":18,"column":4}},"12":{"start":{"line":20,"column":18},"end":{"line":20,"column":47}},"13":{"start":{"line":21,"column":24},"end":{"line":21,"column":44}},"14":{"start":{"line":32,"column":0},"end":{"line":32,"column":24}},"15":{"start":{"line":33,"column":0},"end":{"line":33,"column":45}},"16":{"start":{"line":37,"column":0},"end":{"line":41,"column":5}},"17":{"start":{"line":39,"column":13},"end":{"line":39,"column":48}},"18":{"start":{"line":40,"column":15},"end":{"line":40,"column":58}},"19":{"start":{"line":44,"column":0},"end":{"line":44,"column":33}},"20":{"start":{"line":45,"column":0},"end":{"line":45,"column":33}},"21":{"start":{"line":47,"column":0},"end":{"line":47,"column":80}},"22":{"start":{"line":53,"column":0},"end":{"line":53,"column":21}}},"fnMap":{"0":{"name":"(anonymous_0)","decl":{"start":{"line":39,"column":8},"end":{"line":39,"column":9}},"loc":{"start":{"line":39,"column":12},"end":{"line":39,"column":49}},"line":39},"1":{"name":"(anonymous_1)","decl":{"start":{"line":40,"column":8},"end":{"line":40,"column":9}},"loc":{"start":{"line":40,"column":14},"end":{"line":40,"column":59}},"line":40}},"branchMap":{},"s":{"0":1,"1":1,"2":1,"3":1,"4":1,"5":1,"6":1,"7":1,"8":1,"9":1,"10":1,"11":1,"12":1,"13":1,"14":1,"15":1,"16":1,"17":1,"18":0,"19":1,"20":1,"21":1,"22":1},"f":{"0":1,"1":0},"b":{},"_coverageSchema":"1a1c01bbd47fc00a2c39e90264f33305004495a9","hash":"fcbbc0f46f65f9bcc1629d60fae53073fa02a3e3"}
,"C:\\Users\\user\\Desktop\\git\\questie\\project\\Node\\swagger.js": {"path":"C:\\Users\\user\\Desktop\\git\\questie\\project\\Node\\swagger.js","statementMap":{"0":{"start":{"line":141,"column":12},"end":{"line":141,"column":42}},"1":{"start":{"line":142,"column":13},"end":{"line":142,"column":43}},"2":{"start":{"line":144,"column":0},"end":{"line":718,"column":2}}},"fnMap":{},"branchMap":{},"s":{"0":1,"1":1,"2":1},"f":{},"b":{},"_coverageSchema":"1a1c01bbd47fc00a2c39e90264f33305004495a9","hash":"d2ce3c402624b519db4550634c326fb161758df8"}
,"C:\\Users\\user\\Desktop\\git\\questie\\project\\Node\\controllers\\posts-controller.js": {"path":"C:\\Users\\user\\Desktop\\git\\questie\\project\\Node\\controllers\\posts-controller.js","statementMap":{"0":{"start":{"line":1,"column":13},"end":{"line":1,"column":44}},"1":{"start":{"line":3,"column":0},"end":{"line":42,"column":1}},"2":{"start":{"line":4,"column":4},"end":{"line":4,"column":44}},"3":{"start":{"line":6,"column":4},"end":{"line":41,"column":5}},"4":{"start":{"line":8,"column":17},"end":{"line":8,"column":46}},"5":{"start":{"line":9,"column":18},"end":{"line":9,"column":49}},"6":{"start":{"line":10,"column":23},"end":{"line":10,"column":41}},"7":{"start":{"line":12,"column":4},"end":{"line":12,"column":77}},"8":{"start":{"line":14,"column":19},"end":{"line":19,"column":8}},"9":{"start":{"line":21,"column":6},"end":{"line":21,"column":48}},"10":{"start":{"line":24,"column":25},"end":{"line":27,"column":8}},"11":{"start":{"line":29,"column":6},"end":{"line":29,"column":46}},"12":{"start":{"line":31,"column":6},"end":{"line":37,"column":9}},"13":{"start":{"line":39,"column":6},"end":{"line":39,"column":33}},"14":{"start":{"line":40,"column":6},"end":{"line":40,"column":45}},"15":{"start":{"line":44,"column":0},"end":{"line":71,"column":1}},"16":{"start":{"line":45,"column":21},"end":{"line":45,"column":40}},"17":{"start":{"line":50,"column":4},"end":{"line":70,"column":5}},"18":{"start":{"line":51,"column":21},"end":{"line":53,"column":39}},"19":{"start":{"line":56,"column":8},"end":{"line":58,"column":9}},"20":{"start":{"line":57,"column":12},"end":{"line":57,"column":83}},"21":{"start":{"line":59,"column":22},"end":{"line":59,"column":114}},"22":{"start":{"line":60,"column":12},"end":{"line":60,"column":55}},"23":{"start":{"line":62,"column":8},"end":{"line":67,"column":43}},"24":{"start":{"line":69,"column":8},"end":{"line":69,"column":42}},"25":{"start":{"line":73,"column":0},"end":{"line":94,"column":1}},"26":{"start":{"line":74,"column":21},"end":{"line":74,"column":40}},"27":{"start":{"line":75,"column":21},"end":{"line":75,"column":34}},"28":{"start":{"line":77,"column":4},"end":{"line":77,"column":48}},"29":{"start":{"line":78,"column":4},"end":{"line":93,"column":5}},"30":{"start":{"line":79,"column":23},"end":{"line":86,"column":9}},"31":{"start":{"line":88,"column":8},"end":{"line":88,"column":48}},"32":{"start":{"line":89,"column":8},"end":{"line":89,"column":56}},"33":{"start":{"line":91,"column":8},"end":{"line":91,"column":49}},"34":{"start":{"line":92,"column":8},"end":{"line":92,"column":42}},"35":{"start":{"line":96,"column":0},"end":{"line":127,"column":1}},"36":{"start":{"line":97,"column":21},"end":{"line":97,"column":40}},"37":{"start":{"line":98,"column":20},"end":{"line":98,"column":32}},"38":{"start":{"line":99,"column":24},"end":{"line":99,"column":37}},"39":{"start":{"line":102,"column":4},"end":{"line":105,"column":5}},"40":{"start":{"line":104,"column":8},"end":{"line":104,"column":84}},"41":{"start":{"line":108,"column":4},"end":{"line":108,"column":102}},"42":{"start":{"line":110,"column":4},"end":{"line":126,"column":5}},"43":{"start":{"line":113,"column":23},"end":{"line":121,"column":9}},"44":{"start":{"line":122,"column":8},"end":{"line":122,"column":65}},"45":{"start":{"line":123,"column":8},"end":{"line":123,"column":43}},"46":{"start":{"line":125,"column":8},"end":{"line":125,"column":42}},"47":{"start":{"line":129,"column":0},"end":{"line":149,"column":1}},"48":{"start":{"line":130,"column":21},"end":{"line":130,"column":40}},"49":{"start":{"line":131,"column":20},"end":{"line":131,"column":32}},"50":{"start":{"line":133,"column":4},"end":{"line":133,"column":53}},"51":{"start":{"line":135,"column":4},"end":{"line":148,"column":5}},"52":{"start":{"line":136,"column":23},"end":{"line":143,"column":9}},"53":{"start":{"line":144,"column":8},"end":{"line":144,"column":43}},"54":{"start":{"line":147,"column":8},"end":{"line":147,"column":41}},"55":{"start":{"line":153,"column":0},"end":{"line":178,"column":1}},"56":{"start":{"line":154,"column":4},"end":{"line":154,"column":37}},"57":{"start":{"line":156,"column":4},"end":{"line":177,"column":5}},"58":{"start":{"line":157,"column":22},"end":{"line":157,"column":81}},"59":{"start":{"line":158,"column":23},"end":{"line":163,"column":10}},"60":{"start":{"line":164,"column":8},"end":{"line":164,"column":45}},"61":{"start":{"line":165,"column":8},"end":{"line":171,"column":11}},"62":{"start":{"line":174,"column":8},"end":{"line":174,"column":35}},"63":{"start":{"line":175,"column":8},"end":{"line":175,"column":42}}},"fnMap":{"0":{"name":"(anonymous_0)","decl":{"start":{"line":3,"column":18},"end":{"line":3,"column":19}},"loc":{"start":{"line":3,"column":35},"end":{"line":42,"column":1}},"line":3},"1":{"name":"(anonymous_1)","decl":{"start":{"line":44,"column":18},"end":{"line":44,"column":19}},"loc":{"start":{"line":44,"column":35},"end":{"line":71,"column":1}},"line":44},"2":{"name":"(anonymous_2)","decl":{"start":{"line":73,"column":17},"end":{"line":73,"column":18}},"loc":{"start":{"line":73,"column":34},"end":{"line":94,"column":1}},"line":73},"3":{"name":"(anonymous_3)","decl":{"start":{"line":96,"column":17},"end":{"line":96,"column":18}},"loc":{"start":{"line":96,"column":34},"end":{"line":127,"column":1}},"line":96},"4":{"name":"(anonymous_4)","decl":{"start":{"line":129,"column":17},"end":{"line":129,"column":18}},"loc":{"start":{"line":129,"column":35},"end":{"line":149,"column":1}},"line":129},"5":{"name":"(anonymous_5)","decl":{"start":{"line":153,"column":26},"end":{"line":153,"column":27}},"loc":{"start":{"line":153,"column":43},"end":{"line":178,"column":1}},"line":153}},"branchMap":{"0":{"loc":{"start":{"line":8,"column":17},"end":{"line":8,"column":46}},"type":"binary-expr","locations":[{"start":{"line":8,"column":17},"end":{"line":8,"column":41}},{"start":{"line":8,"column":45},"end":{"line":8,"column":46}}],"line":8},"1":{"loc":{"start":{"line":9,"column":18},"end":{"line":9,"column":49}},"type":"binary-expr","locations":[{"start":{"line":9,"column":18},"end":{"line":9,"column":43}},{"start":{"line":9,"column":47},"end":{"line":9,"column":49}}],"line":9},"2":{"loc":{"start":{"line":56,"column":8},"end":{"line":58,"column":9}},"type":"if","locations":[{"start":{"line":56,"column":8},"end":{"line":58,"column":9}},{"start":{},"end":{}}],"line":56},"3":{"loc":{"start":{"line":102,"column":4},"end":{"line":105,"column":5}},"type":"if","locations":[{"start":{"line":102,"column":4},"end":{"line":105,"column":5}},{"start":{},"end":{}}],"line":102}},"s":{"0":1,"1":1,"2":1,"3":1,"4":1,"5":1,"6":1,"7":1,"8":1,"9":1,"10":1,"11":1,"12":1,"13":1,"14":1,"15":1,"16":1,"17":1,"18":1,"19":1,"20":0,"21":1,"22":1,"23":1,"24":0,"25":1,"26":1,"27":1,"28":1,"29":1,"30":1,"31":1,"32":1,"33":0,"34":0,"35":1,"36":1,"37":1,"38":1,"39":1,"40":0,"41":1,"42":1,"43":1,"44":0,"45":0,"46":1,"47":1,"48":1,"49":1,"50":1,"51":1,"52":1,"53":0,"54":1,"55":1,"56":1,"57":1,"58":1,"59":1,"60":1,"61":1,"62":0,"63":0},"f":{"0":1,"1":1,"2":1,"3":1,"4":1,"5":1},"b":{"0":[1,1],"1":[1,1],"2":[0,1],"3":[0,1]},"_coverageSchema":"1a1c01bbd47fc00a2c39e90264f33305004495a9","hash":"a10c40f8a546bcc5eb9030cf7669f26fcfeaf5de"}
,"C:\\Users\\user\\Desktop\\git\\questie\\project\\Node\\controllers\\user-controller.js": {"path":"C:\\Users\\user\\Desktop\\git\\questie\\project\\Node\\controllers\\user-controller.js","statementMap":{"0":{"start":{"line":1,"column":15},"end":{"line":1,"column":42}},"1":{"start":{"line":2,"column":15},"end":{"line":2,"column":32}},"2":{"start":{"line":3,"column":12},"end":{"line":3,"column":35}},"3":{"start":{"line":4,"column":13},"end":{"line":4,"column":44}},"4":{"start":{"line":6,"column":0},"end":{"line":19,"column":1}},"5":{"start":{"line":7,"column":4},"end":{"line":7,"column":34}},"6":{"start":{"line":9,"column":4},"end":{"line":17,"column":5}},"7":{"start":{"line":10,"column":23},"end":{"line":10,"column":68}},"8":{"start":{"line":12,"column":8},"end":{"line":12,"column":45}},"9":{"start":{"line":15,"column":8},"end":{"line":15,"column":42}},"10":{"start":{"line":20,"column":0},"end":{"line":33,"column":1}},"11":{"start":{"line":21,"column":21},"end":{"line":21,"column":40}},"12":{"start":{"line":24,"column":4},"end":{"line":32,"column":5}},"13":{"start":{"line":25,"column":23},"end":{"line":25,"column":62}},"14":{"start":{"line":26,"column":8},"end":{"line":26,"column":44}},"15":{"start":{"line":27,"column":8},"end":{"line":27,"column":59}},"16":{"start":{"line":29,"column":8},"end":{"line":29,"column":42}},"17":{"start":{"line":30,"column":8},"end":{"line":30,"column":42}},"18":{"start":{"line":34,"column":0},"end":{"line":66,"column":1}},"19":{"start":{"line":36,"column":27},"end":{"line":36,"column":67}},"20":{"start":{"line":38,"column":20},"end":{"line":45,"column":6}},"21":{"start":{"line":47,"column":25},"end":{"line":47,"column":76}},"22":{"start":{"line":48,"column":4},"end":{"line":50,"column":5}},"23":{"start":{"line":49,"column":8},"end":{"line":49,"column":59}},"24":{"start":{"line":51,"column":23},"end":{"line":51,"column":68}},"25":{"start":{"line":52,"column":4},"end":{"line":54,"column":5}},"26":{"start":{"line":53,"column":8},"end":{"line":53,"column":60}},"27":{"start":{"line":58,"column":4},"end":{"line":65,"column":5}},"28":{"start":{"line":59,"column":23},"end":{"line":59,"column":43}},"29":{"start":{"line":60,"column":8},"end":{"line":60,"column":43}},"30":{"start":{"line":61,"column":8},"end":{"line":61,"column":72}},"31":{"start":{"line":63,"column":8},"end":{"line":63,"column":47}},"32":{"start":{"line":64,"column":8},"end":{"line":64,"column":50}},"33":{"start":{"line":92,"column":0},"end":{"line":109,"column":4}},"34":{"start":{"line":93,"column":21},"end":{"line":93,"column":40}},"35":{"start":{"line":95,"column":4},"end":{"line":95,"column":55}},"36":{"start":{"line":97,"column":4},"end":{"line":108,"column":5}},"37":{"start":{"line":98,"column":21},"end":{"line":98,"column":72}},"38":{"start":{"line":99,"column":6},"end":{"line":102,"column":7}},"39":{"start":{"line":100,"column":8},"end":{"line":100,"column":62}},"40":{"start":{"line":101,"column":8},"end":{"line":101,"column":79}},"41":{"start":{"line":103,"column":6},"end":{"line":103,"column":47}},"42":{"start":{"line":104,"column":6},"end":{"line":104,"column":58}},"43":{"start":{"line":106,"column":6},"end":{"line":106,"column":45}},"44":{"start":{"line":107,"column":6},"end":{"line":107,"column":57}},"45":{"start":{"line":112,"column":0},"end":{"line":143,"column":1}},"46":{"start":{"line":113,"column":21},"end":{"line":113,"column":38}},"47":{"start":{"line":114,"column":21},"end":{"line":114,"column":38}},"48":{"start":{"line":117,"column":0},"end":{"line":142,"column":5}},"49":{"start":{"line":118,"column":17},"end":{"line":118,"column":47}},"50":{"start":{"line":120,"column":4},"end":{"line":120,"column":49}},"51":{"start":{"line":121,"column":4},"end":{"line":123,"column":5}},"52":{"start":{"line":122,"column":8},"end":{"line":122,"column":91}},"53":{"start":{"line":124,"column":4},"end":{"line":124,"column":45}},"54":{"start":{"line":125,"column":20},"end":{"line":125,"column":65}},"55":{"start":{"line":126,"column":4},"end":{"line":128,"column":5}},"56":{"start":{"line":127,"column":8},"end":{"line":127,"column":68}},"57":{"start":{"line":130,"column":4},"end":{"line":130,"column":34}},"58":{"start":{"line":131,"column":4},"end":{"line":131,"column":55}},"59":{"start":{"line":133,"column":18},"end":{"line":133,"column":139}},"60":{"start":{"line":134,"column":4},"end":{"line":134,"column":56}},"61":{"start":{"line":135,"column":4},"end":{"line":135,"column":33}},"62":{"start":{"line":137,"column":4},"end":{"line":137,"column":66}},"63":{"start":{"line":139,"column":4},"end":{"line":139,"column":62}},"64":{"start":{"line":141,"column":4},"end":{"line":141,"column":55}},"65":{"start":{"line":146,"column":0},"end":{"line":163,"column":1}},"66":{"start":{"line":147,"column":18},"end":{"line":147,"column":32}},"67":{"start":{"line":149,"column":4},"end":{"line":161,"column":5}},"68":{"start":{"line":150,"column":23},"end":{"line":150,"column":56}},"69":{"start":{"line":152,"column":8},"end":{"line":156,"column":9}},"70":{"start":{"line":153,"column":12},"end":{"line":153,"column":28}},"71":{"start":{"line":154,"column":12},"end":{"line":154,"column":50}},"72":{"start":{"line":155,"column":12},"end":{"line":155,"column":46}},"73":{"start":{"line":158,"column":8},"end":{"line":158,"column":25}},"74":{"start":{"line":159,"column":8},"end":{"line":159,"column":47}},"75":{"start":{"line":160,"column":8},"end":{"line":160,"column":44}},"76":{"start":{"line":165,"column":0},"end":{"line":182,"column":4}},"77":{"start":{"line":166,"column":21},"end":{"line":166,"column":38}},"78":{"start":{"line":168,"column":4},"end":{"line":181,"column":5}},"79":{"start":{"line":169,"column":21},"end":{"line":169,"column":63}},"80":{"start":{"line":171,"column":6},"end":{"line":175,"column":7}},"81":{"start":{"line":172,"column":8},"end":{"line":172,"column":24}},"82":{"start":{"line":173,"column":8},"end":{"line":173,"column":46}},"83":{"start":{"line":174,"column":8},"end":{"line":174,"column":58}},"84":{"start":{"line":176,"column":6},"end":{"line":176,"column":45}},"85":{"start":{"line":178,"column":6},"end":{"line":178,"column":23}},"86":{"start":{"line":179,"column":6},"end":{"line":179,"column":45}},"87":{"start":{"line":180,"column":6},"end":{"line":180,"column":57}},"88":{"start":{"line":184,"column":2},"end":{"line":239,"column":4}},"89":{"start":{"line":185,"column":19},"end":{"line":185,"column":30}},"90":{"start":{"line":186,"column":63},"end":{"line":186,"column":71}},"91":{"start":{"line":188,"column":4},"end":{"line":238,"column":5}},"92":{"start":{"line":189,"column":19},"end":{"line":189,"column":46}},"93":{"start":{"line":190,"column":6},"end":{"line":193,"column":7}},"94":{"start":{"line":191,"column":8},"end":{"line":191,"column":55}},"95":{"start":{"line":192,"column":8},"end":{"line":192,"column":79}},"96":{"start":{"line":195,"column":25},"end":{"line":195,"column":27}},"97":{"start":{"line":197,"column":6},"end":{"line":204,"column":7}},"98":{"start":{"line":198,"column":29},"end":{"line":198,"column":61}},"99":{"start":{"line":199,"column":8},"end":{"line":199,"column":66}},"100":{"start":{"line":200,"column":8},"end":{"line":202,"column":9}},"101":{"start":{"line":201,"column":10},"end":{"line":201,"column":90}},"102":{"start":{"line":203,"column":8},"end":{"line":203,"column":39}},"103":{"start":{"line":206,"column":6},"end":{"line":212,"column":7}},"104":{"start":{"line":207,"column":30},"end":{"line":207,"column":59}},"105":{"start":{"line":208,"column":8},"end":{"line":210,"column":9}},"106":{"start":{"line":209,"column":10},"end":{"line":209,"column":87}},"107":{"start":{"line":211,"column":8},"end":{"line":211,"column":33}},"108":{"start":{"line":214,"column":6},"end":{"line":216,"column":7}},"109":{"start":{"line":215,"column":8},"end":{"line":215,"column":41}},"110":{"start":{"line":218,"column":6},"end":{"line":220,"column":7}},"111":{"start":{"line":219,"column":8},"end":{"line":219,"column":39}},"112":{"start":{"line":222,"column":6},"end":{"line":224,"column":7}},"113":{"start":{"line":223,"column":8},"end":{"line":223,"column":62}},"114":{"start":{"line":226,"column":6},"end":{"line":226,"column":78}},"115":{"start":{"line":227,"column":26},"end":{"line":227,"column":89}},"116":{"start":{"line":228,"column":6},"end":{"line":231,"column":7}},"117":{"start":{"line":229,"column":8},"end":{"line":229,"column":55}},"118":{"start":{"line":230,"column":8},"end":{"line":230,"column":79}},"119":{"start":{"line":233,"column":6},"end":{"line":233,"column":61}},"120":{"start":{"line":234,"column":6},"end":{"line":234,"column":52}},"121":{"start":{"line":236,"column":6},"end":{"line":236,"column":51}},"122":{"start":{"line":237,"column":6},"end":{"line":237,"column":77}},"123":{"start":{"line":240,"column":0},"end":{"line":251,"column":1}},"124":{"start":{"line":241,"column":21},"end":{"line":241,"column":38}},"125":{"start":{"line":242,"column":17},"end":{"line":242,"column":30}},"126":{"start":{"line":244,"column":4},"end":{"line":250,"column":5}},"127":{"start":{"line":245,"column":26},"end":{"line":245,"column":97}},"128":{"start":{"line":246,"column":6},"end":{"line":246,"column":52}},"129":{"start":{"line":248,"column":8},"end":{"line":248,"column":66}},"130":{"start":{"line":249,"column":8},"end":{"line":249,"column":59}}},"fnMap":{"0":{"name":"(anonymous_0)","decl":{"start":{"line":6,"column":18},"end":{"line":6,"column":19}},"loc":{"start":{"line":6,"column":35},"end":{"line":19,"column":1}},"line":6},"1":{"name":"(anonymous_1)","decl":{"start":{"line":20,"column":18},"end":{"line":20,"column":19}},"loc":{"start":{"line":20,"column":35},"end":{"line":33,"column":1}},"line":20},"2":{"name":"(anonymous_2)","decl":{"start":{"line":34,"column":17},"end":{"line":34,"column":18}},"loc":{"start":{"line":34,"column":34},"end":{"line":66,"column":1}},"line":34},"3":{"name":"(anonymous_3)","decl":{"start":{"line":92,"column":17},"end":{"line":92,"column":18}},"loc":{"start":{"line":92,"column":37},"end":{"line":109,"column":3}},"line":92},"4":{"name":"(anonymous_4)","decl":{"start":{"line":112,"column":16},"end":{"line":112,"column":17}},"loc":{"start":{"line":112,"column":33},"end":{"line":143,"column":1}},"line":112},"5":{"name":"(anonymous_5)","decl":{"start":{"line":146,"column":21},"end":{"line":146,"column":22}},"loc":{"start":{"line":146,"column":38},"end":{"line":163,"column":1}},"line":146},"6":{"name":"(anonymous_6)","decl":{"start":{"line":165,"column":24},"end":{"line":165,"column":25}},"loc":{"start":{"line":165,"column":44},"end":{"line":182,"column":3}},"line":165},"7":{"name":"(anonymous_7)","decl":{"start":{"line":184,"column":23},"end":{"line":184,"column":24}},"loc":{"start":{"line":184,"column":43},"end":{"line":239,"column":3}},"line":184},"8":{"name":"(anonymous_8)","decl":{"start":{"line":240,"column":21},"end":{"line":240,"column":22}},"loc":{"start":{"line":240,"column":41},"end":{"line":251,"column":1}},"line":240}},"branchMap":{"0":{"loc":{"start":{"line":48,"column":4},"end":{"line":50,"column":5}},"type":"if","locations":[{"start":{"line":48,"column":4},"end":{"line":50,"column":5}},{"start":{},"end":{}}],"line":48},"1":{"loc":{"start":{"line":52,"column":4},"end":{"line":54,"column":5}},"type":"if","locations":[{"start":{"line":52,"column":4},"end":{"line":54,"column":5}},{"start":{},"end":{}}],"line":52},"2":{"loc":{"start":{"line":99,"column":6},"end":{"line":102,"column":7}},"type":"if","locations":[{"start":{"line":99,"column":6},"end":{"line":102,"column":7}},{"start":{},"end":{}}],"line":99},"3":{"loc":{"start":{"line":121,"column":4},"end":{"line":123,"column":5}},"type":"if","locations":[{"start":{"line":121,"column":4},"end":{"line":123,"column":5}},{"start":{},"end":{}}],"line":121},"4":{"loc":{"start":{"line":126,"column":4},"end":{"line":128,"column":5}},"type":"if","locations":[{"start":{"line":126,"column":4},"end":{"line":128,"column":5}},{"start":{},"end":{}}],"line":126},"5":{"loc":{"start":{"line":152,"column":8},"end":{"line":156,"column":9}},"type":"if","locations":[{"start":{"line":152,"column":8},"end":{"line":156,"column":9}},{"start":{},"end":{}}],"line":152},"6":{"loc":{"start":{"line":171,"column":6},"end":{"line":175,"column":7}},"type":"if","locations":[{"start":{"line":171,"column":6},"end":{"line":175,"column":7}},{"start":{},"end":{}}],"line":171},"7":{"loc":{"start":{"line":190,"column":6},"end":{"line":193,"column":7}},"type":"if","locations":[{"start":{"line":190,"column":6},"end":{"line":193,"column":7}},{"start":{},"end":{}}],"line":190},"8":{"loc":{"start":{"line":197,"column":6},"end":{"line":204,"column":7}},"type":"if","locations":[{"start":{"line":197,"column":6},"end":{"line":204,"column":7}},{"start":{},"end":{}}],"line":197},"9":{"loc":{"start":{"line":200,"column":8},"end":{"line":202,"column":9}},"type":"if","locations":[{"start":{"line":200,"column":8},"end":{"line":202,"column":9}},{"start":{},"end":{}}],"line":200},"10":{"loc":{"start":{"line":200,"column":12},"end":{"line":200,"column":66}},"type":"binary-expr","locations":[{"start":{"line":200,"column":12},"end":{"line":200,"column":24}},{"start":{"line":200,"column":28},"end":{"line":200,"column":66}}],"line":200},"11":{"loc":{"start":{"line":206,"column":6},"end":{"line":212,"column":7}},"type":"if","locations":[{"start":{"line":206,"column":6},"end":{"line":212,"column":7}},{"start":{},"end":{}}],"line":206},"12":{"loc":{"start":{"line":208,"column":8},"end":{"line":210,"column":9}},"type":"if","locations":[{"start":{"line":208,"column":8},"end":{"line":210,"column":9}},{"start":{},"end":{}}],"line":208},"13":{"loc":{"start":{"line":208,"column":12},"end":{"line":208,"column":68}},"type":"binary-expr","locations":[{"start":{"line":208,"column":12},"end":{"line":208,"column":25}},{"start":{"line":208,"column":29},"end":{"line":208,"column":68}}],"line":208},"14":{"loc":{"start":{"line":214,"column":6},"end":{"line":216,"column":7}},"type":"if","locations":[{"start":{"line":214,"column":6},"end":{"line":216,"column":7}},{"start":{},"end":{}}],"line":214},"15":{"loc":{"start":{"line":218,"column":6},"end":{"line":220,"column":7}},"type":"if","locations":[{"start":{"line":218,"column":6},"end":{"line":220,"column":7}},{"start":{},"end":{}}],"line":218},"16":{"loc":{"start":{"line":222,"column":6},"end":{"line":224,"column":7}},"type":"if","locations":[{"start":{"line":222,"column":6},"end":{"line":224,"column":7}},{"start":{},"end":{}}],"line":222},"17":{"loc":{"start":{"line":228,"column":6},"end":{"line":231,"column":7}},"type":"if","locations":[{"start":{"line":228,"column":6},"end":{"line":231,"column":7}},{"start":{},"end":{}}],"line":228}},"s":{"0":1,"1":1,"2":1,"3":1,"4":1,"5":1,"6":1,"7":1,"8":1,"9":0,"10":1,"11":1,"12":1,"13":1,"14":1,"15":1,"16":0,"17":0,"18":1,"19":1,"20":1,"21":1,"22":1,"23":0,"24":1,"25":1,"26":0,"27":1,"28":1,"29":1,"30":1,"31":0,"32":0,"33":1,"34":1,"35":1,"36":1,"37":1,"38":1,"39":0,"40":0,"41":1,"42":1,"43":0,"44":0,"45":1,"46":1,"47":1,"48":1,"49":1,"50":1,"51":1,"52":0,"53":1,"54":1,"55":1,"56":0,"57":1,"58":1,"59":1,"60":1,"61":1,"62":1,"63":1,"64":0,"65":1,"66":1,"67":1,"68":1,"69":1,"70":1,"71":1,"72":1,"73":0,"74":0,"75":0,"76":1,"77":1,"78":1,"79":1,"80":1,"81":1,"82":1,"83":1,"84":0,"85":0,"86":0,"87":0,"88":1,"89":1,"90":1,"91":1,"92":1,"93":1,"94":0,"95":0,"96":1,"97":1,"98":1,"99":1,"100":1,"101":0,"102":1,"103":1,"104":1,"105":1,"106":0,"107":1,"108":1,"109":1,"110":1,"111":1,"112":1,"113":1,"114":1,"115":1,"116":1,"117":0,"118":0,"119":1,"120":1,"121":0,"122":0,"123":1,"124":1,"125":1,"126":1,"127":1,"128":1,"129":0,"130":0},"f":{"0":1,"1":1,"2":1,"3":1,"4":1,"5":1,"6":1,"7":1,"8":1},"b":{"0":[0,1],"1":[0,1],"2":[0,1],"3":[0,1],"4":[0,1],"5":[1,0],"6":[1,0],"7":[0,1],"8":[1,0],"9":[0,1],"10":[1,0],"11":[1,0],"12":[0,1],"13":[1,0],"14":[1,0],"15":[1,0],"16":[1,0],"17":[0,1]},"_coverageSchema":"1a1c01bbd47fc00a2c39e90264f33305004495a9","hash":"d8b45a672b215f302001810c3c320c9034dc15a2"}
,"C:\\Users\\user\\Desktop\\git\\questie\\project\\Node\\logger\\logger.js": {"path":"C:\\Users\\user\\Desktop\\git\\questie\\project\\Node\\logger\\logger.js","statementMap":{"0":{"start":{"line":1,"column":45},"end":{"line":1,"column":63}},"1":{"start":{"line":2,"column":0},"end":{"line":2,"column":37}},"2":{"start":{"line":3,"column":0},"end":{"line":3,"column":27}},"3":{"start":{"line":5,"column":51},"end":{"line":5,"column":57}},"4":{"start":{"line":7,"column":17},"end":{"line":7,"column":40}},"5":{"start":{"line":9,"column":28},"end":{"line":15,"column":2}},"6":{"start":{"line":17,"column":15},"end":{"line":48,"column":2}},"7":{"start":{"line":50,"column":0},"end":{"line":50,"column":24}}},"fnMap":{},"branchMap":{},"s":{"0":1,"1":1,"2":1,"3":1,"4":1,"5":1,"6":1,"7":1},"f":{},"b":{},"_coverageSchema":"1a1c01bbd47fc00a2c39e90264f33305004495a9","hash":"07b6dd96e2bce755763d0f38c9b8ebdc108de97d"}
,"C:\\Users\\user\\Desktop\\git\\questie\\project\\Node\\middleware\\cookieJwtAuth.js": {"path":"C:\\Users\\user\\Desktop\\git\\questie\\project\\Node\\middleware\\cookieJwtAuth.js","statementMap":{"0":{"start":{"line":1,"column":12},"end":{"line":1,"column":35}},"1":{"start":{"line":4,"column":24},"end":{"line":22,"column":1}},"2":{"start":{"line":6,"column":23},"end":{"line":6,"column":48}},"3":{"start":{"line":8,"column":4},"end":{"line":10,"column":5}},"4":{"start":{"line":9,"column":8},"end":{"line":9,"column":67}},"5":{"start":{"line":12,"column":4},"end":{"line":21,"column":5}},"6":{"start":{"line":13,"column":22},"end":{"line":13,"column":46}},"7":{"start":{"line":14,"column":21},"end":{"line":14,"column":62}},"8":{"start":{"line":15,"column":8},"end":{"line":15,"column":39}},"9":{"start":{"line":16,"column":8},"end":{"line":16,"column":24}},"10":{"start":{"line":17,"column":8},"end":{"line":17,"column":15}},"11":{"start":{"line":19,"column":8},"end":{"line":19,"column":51}},"12":{"start":{"line":20,"column":8},"end":{"line":20,"column":40}},"13":{"start":{"line":24,"column":0},"end":{"line":24,"column":31}}},"fnMap":{"0":{"name":"(anonymous_0)","decl":{"start":{"line":4,"column":24},"end":{"line":4,"column":25}},"loc":{"start":{"line":4,"column":41},"end":{"line":22,"column":1}},"line":4}},"branchMap":{"0":{"loc":{"start":{"line":8,"column":4},"end":{"line":10,"column":5}},"type":"if","locations":[{"start":{"line":8,"column":4},"end":{"line":10,"column":5}},{"start":{},"end":{}}],"line":8}},"s":{"0":1,"1":1,"2":11,"3":11,"4":0,"5":11,"6":11,"7":11,"8":11,"9":11,"10":11,"11":0,"12":0,"13":1},"f":{"0":11},"b":{"0":[0,11]},"_coverageSchema":"1a1c01bbd47fc00a2c39e90264f33305004495a9","hash":"2f155407ea3a05ff9b2f89a0c7452bd96d8b10fb"}
,"C:\\Users\\user\\Desktop\\git\\questie\\project\\Node\\middleware\\paginator.js": {"path":"C:\\Users\\user\\Desktop\\git\\questie\\project\\Node\\middleware\\paginator.js","statementMap":{"0":{"start":{"line":1,"column":19},"end":{"line":22,"column":3}},"1":{"start":{"line":2,"column":4},"end":{"line":21,"column":6}},"2":{"start":{"line":3,"column":6},"end":{"line":20,"column":7}},"3":{"start":{"line":4,"column":21},"end":{"line":4,"column":50}},"4":{"start":{"line":5,"column":22},"end":{"line":5,"column":53}},"5":{"start":{"line":6,"column":27},"end":{"line":6,"column":45}},"6":{"start":{"line":7,"column":22},"end":{"line":7,"column":50}},"7":{"start":{"line":9,"column":8},"end":{"line":15,"column":10}},"8":{"start":{"line":17,"column":8},"end":{"line":17,"column":15}},"9":{"start":{"line":19,"column":8},"end":{"line":19,"column":67}},"10":{"start":{"line":24,"column":2},"end":{"line":24,"column":30}}},"fnMap":{"0":{"name":"(anonymous_0)","decl":{"start":{"line":1,"column":19},"end":{"line":1,"column":20}},"loc":{"start":{"line":1,"column":30},"end":{"line":22,"column":3}},"line":1},"1":{"name":"(anonymous_1)","decl":{"start":{"line":2,"column":11},"end":{"line":2,"column":12}},"loc":{"start":{"line":2,"column":37},"end":{"line":21,"column":5}},"line":2}},"branchMap":{"0":{"loc":{"start":{"line":4,"column":21},"end":{"line":4,"column":50}},"type":"binary-expr","locations":[{"start":{"line":4,"column":21},"end":{"line":4,"column":45}},{"start":{"line":4,"column":49},"end":{"line":4,"column":50}}],"line":4},"1":{"loc":{"start":{"line":5,"column":22},"end":{"line":5,"column":53}},"type":"binary-expr","locations":[{"start":{"line":5,"column":22},"end":{"line":5,"column":47}},{"start":{"line":5,"column":51},"end":{"line":5,"column":53}}],"line":5}},"s":{"0":1,"1":3,"2":3,"3":3,"4":3,"5":3,"6":3,"7":3,"8":3,"9":0,"10":1},"f":{"0":3,"1":3},"b":{"0":[3,3],"1":[3,3]},"_coverageSchema":"1a1c01bbd47fc00a2c39e90264f33305004495a9","hash":"fe9096fbefde214661dc988eddea6c865bdfc0db"}
,"C:\\Users\\user\\Desktop\\git\\questie\\project\\Node\\middleware\\roles.js": {"path":"C:\\Users\\user\\Desktop\\git\\questie\\project\\Node\\middleware\\roles.js","statementMap":{"0":{"start":{"line":1,"column":17},"end":{"line":20,"column":1}},"1":{"start":{"line":2,"column":4},"end":{"line":19,"column":6}},"2":{"start":{"line":3,"column":8},"end":{"line":3,"column":51}},"3":{"start":{"line":5,"column":8},"end":{"line":9,"column":9}},"4":{"start":{"line":6,"column":12},"end":{"line":6,"column":66}},"5":{"start":{"line":8,"column":12},"end":{"line":8,"column":56}},"6":{"start":{"line":11,"column":8},"end":{"line":15,"column":9}},"7":{"start":{"line":12,"column":12},"end":{"line":12,"column":106}},"8":{"start":{"line":14,"column":12},"end":{"line":14,"column":57}},"9":{"start":{"line":16,"column":8},"end":{"line":16,"column":80}},"10":{"start":{"line":18,"column":8},"end":{"line":18,"column":15}},"11":{"start":{"line":22,"column":0},"end":{"line":22,"column":26}}},"fnMap":{"0":{"name":"(anonymous_0)","decl":{"start":{"line":1,"column":17},"end":{"line":1,"column":18}},"loc":{"start":{"line":1,"column":28},"end":{"line":20,"column":1}},"line":1},"1":{"name":"(anonymous_1)","decl":{"start":{"line":2,"column":11},"end":{"line":2,"column":12}},"loc":{"start":{"line":2,"column":31},"end":{"line":19,"column":5}},"line":2}},"branchMap":{"0":{"loc":{"start":{"line":5,"column":8},"end":{"line":9,"column":9}},"type":"if","locations":[{"start":{"line":5,"column":8},"end":{"line":9,"column":9}},{"start":{},"end":{}}],"line":5},"1":{"loc":{"start":{"line":11,"column":8},"end":{"line":15,"column":9}},"type":"if","locations":[{"start":{"line":11,"column":8},"end":{"line":15,"column":9}},{"start":{},"end":{}}],"line":11}},"s":{"0":1,"1":4,"2":4,"3":4,"4":0,"5":0,"6":4,"7":0,"8":0,"9":4,"10":4,"11":1},"f":{"0":4,"1":4},"b":{"0":[0,4],"1":[0,4]},"_coverageSchema":"1a1c01bbd47fc00a2c39e90264f33305004495a9","hash":"1d7682143d7b3d37ec8f0f112b7e2a5753bc29b1"}
,"C:\\Users\\user\\Desktop\\git\\questie\\project\\Node\\models\\user-model.js": {"path":"C:\\Users\\user\\Desktop\\git\\questie\\project\\Node\\models\\user-model.js","statementMap":{"0":{"start":{"line":1,"column":17},"end":{"line":1,"column":36}},"1":{"start":{"line":2,"column":24},"end":{"line":2,"column":60}},"2":{"start":{"line":4,"column":15},"end":{"line":4,"column":30}},"3":{"start":{"line":6,"column":17},"end":{"line":9,"column":2}},"4":{"start":{"line":13,"column":17},"end":{"line":79,"column":2}},"5":{"start":{"line":81,"column":0},"end":{"line":81,"column":35}},"6":{"start":{"line":83,"column":0},"end":{"line":83,"column":50}}},"fnMap":{},"branchMap":{},"s":{"0":1,"1":1,"2":1,"3":1,"4":1,"5":1,"6":1},"f":{},"b":{},"_coverageSchema":"1a1c01bbd47fc00a2c39e90264f33305004495a9","hash":"6278102ceebb70d138490329d1d611bdf4b510c4"}
,"C:\\Users\\user\\Desktop\\git\\questie\\project\\Node\\routes\\posts-routes.js": {"path":"C:\\Users\\user\\Desktop\\git\\questie\\project\\Node\\routes\\posts-routes.js","statementMap":{"0":{"start":{"line":1,"column":16},"end":{"line":1,"column":34}},"1":{"start":{"line":2,"column":15},"end":{"line":2,"column":31}},"2":{"start":{"line":3,"column":22},"end":{"line":3,"column":60}},"3":{"start":{"line":4,"column":17},"end":{"line":4,"column":47}},"4":{"start":{"line":5,"column":27},"end":{"line":5,"column":69}},"5":{"start":{"line":6,"column":19},"end":{"line":6,"column":53}},"6":{"start":{"line":7,"column":13},"end":{"line":7,"column":44}},"7":{"start":{"line":11,"column":0},"end":{"line":11,"column":88}},"8":{"start":{"line":12,"column":0},"end":{"line":12,"column":94}},"9":{"start":{"line":13,"column":0},"end":{"line":13,"column":83}},"10":{"start":{"line":14,"column":0},"end":{"line":14,"column":73}},"11":{"start":{"line":15,"column":0},"end":{"line":15,"column":74}},"12":{"start":{"line":16,"column":0},"end":{"line":16,"column":75}},"13":{"start":{"line":20,"column":0},"end":{"line":20,"column":24}}},"fnMap":{},"branchMap":{},"s":{"0":1,"1":1,"2":1,"3":1,"4":1,"5":1,"6":1,"7":1,"8":1,"9":1,"10":1,"11":1,"12":1,"13":1},"f":{},"b":{},"_coverageSchema":"1a1c01bbd47fc00a2c39e90264f33305004495a9","hash":"f486435513fd69b810aa0109fd846f0424d85a7e"}
,"C:\\Users\\user\\Desktop\\git\\questie\\project\\Node\\routes\\user-routes.js": {"path":"C:\\Users\\user\\Desktop\\git\\questie\\project\\Node\\routes\\user-routes.js","statementMap":{"0":{"start":{"line":1,"column":16},"end":{"line":1,"column":34}},"1":{"start":{"line":2,"column":15},"end":{"line":2,"column":31}},"2":{"start":{"line":3,"column":22},"end":{"line":3,"column":60}},"3":{"start":{"line":4,"column":17},"end":{"line":4,"column":47}},"4":{"start":{"line":6,"column":23},"end":{"line":6,"column":64}},"5":{"start":{"line":8,"column":0},"end":{"line":8,"column":83}},"6":{"start":{"line":9,"column":0},"end":{"line":9,"column":99}},"7":{"start":{"line":10,"column":0},"end":{"line":10,"column":53}},"8":{"start":{"line":11,"column":0},"end":{"line":11,"column":59}},"9":{"start":{"line":12,"column":0},"end":{"line":12,"column":48}},"10":{"start":{"line":13,"column":0},"end":{"line":13,"column":44}},"11":{"start":{"line":14,"column":0},"end":{"line":14,"column":64}},"12":{"start":{"line":15,"column":0},"end":{"line":15,"column":78}},"13":{"start":{"line":16,"column":0},"end":{"line":16,"column":93}},"14":{"start":{"line":19,"column":0},"end":{"line":19,"column":24}}},"fnMap":{},"branchMap":{},"s":{"0":1,"1":1,"2":1,"3":1,"4":1,"5":1,"6":1,"7":1,"8":1,"9":1,"10":1,"11":1,"12":1,"13":1,"14":1},"f":{},"b":{},"_coverageSchema":"1a1c01bbd47fc00a2c39e90264f33305004495a9","hash":"e07692616f98bc1f5b7df34769f1130a9f8d09c2"}
}
