TN:
SF:index.js
FN:39,(anonymous_0)
FN:40,(anonymous_1)
FNF:2
FNH:1
FNDA:1,(anonymous_0)
FNDA:0,(anonymous_1)
DA:1,1
DA:2,1
DA:3,1
DA:4,1
DA:5,1
DA:6,1
DA:7,1
DA:8,1
DA:9,1
DA:11,1
DA:12,1
DA:14,1
DA:20,1
DA:21,1
DA:32,1
DA:33,1
DA:37,1
DA:39,1
DA:40,0
DA:44,1
DA:45,1
DA:47,1
DA:53,1
LF:23
LH:22
BRF:0
BRH:0
end_of_record
TN:
SF:swagger.js
FNF:0
FNH:0
DA:141,1
DA:142,1
DA:144,1
LF:3
LH:3
BRF:0
BRH:0
end_of_record
TN:
SF:controllers\posts-controller.js
FN:3,(anonymous_0)
FN:44,(anonymous_1)
FN:73,(anonymous_2)
FN:96,(anonymous_3)
FN:129,(anonymous_4)
FN:153,(anonymous_5)
FNF:6
FNH:6
FNDA:1,(anonymous_0)
FNDA:1,(anonymous_1)
FNDA:1,(anonymous_2)
FNDA:1,(anonymous_3)
FNDA:1,(anonymous_4)
FNDA:1,(anonymous_5)
DA:1,1
DA:3,1
DA:4,1
DA:6,1
DA:8,1
DA:9,1
DA:10,1
DA:12,1
DA:14,1
DA:21,1
DA:24,1
DA:29,1
DA:31,1
DA:39,1
DA:40,1
DA:44,1
DA:45,1
DA:50,1
DA:51,1
DA:56,1
DA:57,0
DA:59,1
DA:60,1
DA:62,1
DA:69,0
DA:73,1
DA:74,1
DA:75,1
DA:77,1
DA:78,1
DA:79,1
DA:88,1
DA:89,1
DA:91,0
DA:92,0
DA:96,1
DA:97,1
DA:98,1
DA:99,1
DA:102,1
DA:104,0
DA:108,1
DA:110,1
DA:113,1
DA:122,0
DA:123,0
DA:125,1
DA:129,1
DA:130,1
DA:131,1
DA:133,1
DA:135,1
DA:136,1
DA:144,0
DA:147,1
DA:153,1
DA:154,1
DA:156,1
DA:157,1
DA:158,1
DA:164,1
DA:165,1
DA:174,0
DA:175,0
LF:64
LH:54
BRDA:8,0,0,1
BRDA:8,0,1,1
BRDA:9,1,0,1
BRDA:9,1,1,1
BRDA:56,2,0,0
BRDA:56,2,1,1
BRDA:102,3,0,0
BRDA:102,3,1,1
BRF:8
BRH:6
end_of_record
TN:
SF:controllers\user-controller.js
FN:6,(anonymous_0)
FN:20,(anonymous_1)
FN:34,(anonymous_2)
FN:92,(anonymous_3)
FN:112,(anonymous_4)
FN:146,(anonymous_5)
FN:165,(anonymous_6)
FN:184,(anonymous_7)
FN:240,(anonymous_8)
FNF:9
FNH:9
FNDA:1,(anonymous_0)
FNDA:1,(anonymous_1)
FNDA:1,(anonymous_2)
FNDA:1,(anonymous_3)
FNDA:1,(anonymous_4)
FNDA:1,(anonymous_5)
FNDA:1,(anonymous_6)
FNDA:1,(anonymous_7)
FNDA:1,(anonymous_8)
DA:1,1
DA:2,1
DA:3,1
DA:4,1
DA:6,1
DA:7,1
DA:9,1
DA:10,1
DA:12,1
DA:15,0
DA:20,1
DA:21,1
DA:24,1
DA:25,1
DA:26,1
DA:27,1
DA:29,0
DA:30,0
DA:34,1
DA:36,1
DA:38,1
DA:47,1
DA:48,1
DA:49,0
DA:51,1
DA:52,1
DA:53,0
DA:58,1
DA:59,1
DA:60,1
DA:61,1
DA:63,0
DA:64,0
DA:92,1
DA:93,1
DA:95,1
DA:97,1
DA:98,1
DA:99,1
DA:100,0
DA:101,0
DA:103,1
DA:104,1
DA:106,0
DA:107,0
DA:112,1
DA:113,1
DA:114,1
DA:117,1
DA:118,1
DA:120,1
DA:121,1
DA:122,0
DA:124,1
DA:125,1
DA:126,1
DA:127,0
DA:130,1
DA:131,1
DA:133,1
DA:134,1
DA:135,1
DA:137,1
DA:139,1
DA:141,0
DA:146,1
DA:147,1
DA:149,1
DA:150,1
DA:152,1
DA:153,1
DA:154,1
DA:155,1
DA:158,0
DA:159,0
DA:160,0
DA:165,1
DA:166,1
DA:168,1
DA:169,1
DA:171,1
DA:172,1
DA:173,1
DA:174,1
DA:176,0
DA:178,0
DA:179,0
DA:180,0
DA:184,1
DA:185,1
DA:186,1
DA:188,1
DA:189,1
DA:190,1
DA:191,0
DA:192,0
DA:195,1
DA:197,1
DA:198,1
DA:199,1
DA:200,1
DA:201,0
DA:203,1
DA:206,1
DA:207,1
DA:208,1
DA:209,0
DA:211,1
DA:214,1
DA:215,1
DA:218,1
DA:219,1
DA:222,1
DA:223,1
DA:226,1
DA:227,1
DA:228,1
DA:229,0
DA:230,0
DA:233,1
DA:234,1
DA:236,0
DA:237,0
DA:240,1
DA:241,1
DA:242,1
DA:244,1
DA:245,1
DA:246,1
DA:248,0
DA:249,0
LF:131
LH:100
BRDA:48,0,0,0
BRDA:48,0,1,1
BRDA:52,1,0,0
BRDA:52,1,1,1
BRDA:99,2,0,0
BRDA:99,2,1,1
BRDA:121,3,0,0
BRDA:121,3,1,1
BRDA:126,4,0,0
BRDA:126,4,1,1
BRDA:152,5,0,1
BRDA:152,5,1,0
BRDA:171,6,0,1
BRDA:171,6,1,0
BRDA:190,7,0,0
BRDA:190,7,1,1
BRDA:197,8,0,1
BRDA:197,8,1,0
BRDA:200,9,0,0
BRDA:200,9,1,1
BRDA:200,10,0,1
BRDA:200,10,1,0
BRDA:206,11,0,1
BRDA:206,11,1,0
BRDA:208,12,0,0
BRDA:208,12,1,1
BRDA:208,13,0,1
BRDA:208,13,1,0
BRDA:214,14,0,1
BRDA:214,14,1,0
BRDA:218,15,0,1
BRDA:218,15,1,0
BRDA:222,16,0,1
BRDA:222,16,1,0
BRDA:228,17,0,0
BRDA:228,17,1,1
BRF:36
BRH:18
end_of_record
TN:
SF:logger\logger.js
FNF:0
FNH:0
DA:1,1
DA:2,1
DA:3,1
DA:5,1
DA:7,1
DA:9,1
DA:17,1
DA:50,1
LF:8
LH:8
BRF:0
BRH:0
end_of_record
TN:
SF:middleware\cookieJwtAuth.js
FN:4,(anonymous_0)
FNF:1
FNH:1
FNDA:11,(anonymous_0)
DA:1,1
DA:4,1
DA:6,11
DA:8,11
DA:9,0
DA:12,11
DA:13,11
DA:14,11
DA:15,11
DA:16,11
DA:17,11
DA:19,0
DA:20,0
DA:24,1
LF:14
LH:11
BRDA:8,0,0,0
BRDA:8,0,1,11
BRF:2
BRH:1
end_of_record
TN:
SF:middleware\paginator.js
FN:1,(anonymous_0)
FN:2,(anonymous_1)
FNF:2
FNH:2
FNDA:3,(anonymous_0)
FNDA:3,(anonymous_1)
DA:1,1
DA:2,3
DA:3,3
DA:4,3
DA:5,3
DA:6,3
DA:7,3
DA:9,3
DA:17,3
DA:19,0
DA:24,1
LF:11
LH:10
BRDA:4,0,0,3
BRDA:4,0,1,3
BRDA:5,1,0,3
BRDA:5,1,1,3
BRF:4
BRH:4
end_of_record
TN:
SF:middleware\roles.js
FN:1,(anonymous_0)
FN:2,(anonymous_1)
FNF:2
FNH:2
FNDA:4,(anonymous_0)
FNDA:4,(anonymous_1)
DA:1,1
DA:2,4
DA:3,4
DA:5,4
DA:6,0
DA:8,0
DA:11,4
DA:12,0
DA:14,0
DA:16,4
DA:18,4
DA:22,1
LF:12
LH:8
BRDA:5,0,0,0
BRDA:5,0,1,4
BRDA:11,1,0,0
BRDA:11,1,1,4
BRF:4
BRH:2
end_of_record
TN:
SF:models\user-model.js
FNF:0
FNH:0
DA:1,1
DA:2,1
DA:4,1
DA:6,1
DA:13,1
DA:81,1
DA:83,1
LF:7
LH:7
BRF:0
BRH:0
end_of_record
TN:
SF:routes\posts-routes.js
FNF:0
FNH:0
DA:1,1
DA:2,1
DA:3,1
DA:4,1
DA:5,1
DA:6,1
DA:7,1
DA:11,1
DA:12,1
DA:13,1
DA:14,1
DA:15,1
DA:16,1
DA:20,1
LF:14
LH:14
BRF:0
BRH:0
end_of_record
TN:
SF:routes\user-routes.js
FNF:0
FNH:0
DA:1,1
DA:2,1
DA:3,1
DA:4,1
DA:6,1
DA:8,1
DA:9,1
DA:10,1
DA:11,1
DA:12,1
DA:13,1
DA:14,1
DA:15,1
DA:16,1
DA:19,1
LF:15
LH:15
BRF:0
BRH:0
end_of_record
