TN:
SF:index.js
FN:29,(anonymous_0)
FN:30,(anonymous_1)
FNF:2
FNH:1
FNDA:1,(anonymous_0)
FNDA:0,(anonymous_1)
DA:1,1
DA:2,1
DA:3,1
DA:4,1
DA:5,1
DA:6,1
DA:7,1
DA:8,1
DA:9,1
DA:11,1
DA:12,1
DA:13,1
DA:19,1
DA:20,1
DA:22,1
DA:23,1
DA:27,1
DA:29,1
DA:30,0
DA:34,1
DA:35,1
DA:37,1
DA:40,1
LF:23
LH:22
BRF:0
BRH:0
end_of_record
TN:
SF:swagger.js
FNF:0
FNH:0
DA:141,1
DA:142,1
DA:144,1
LF:3
LH:3
BRF:0
BRH:0
end_of_record
TN:
SF:controllers\posts-controller.js
FN:3,(anonymous_0)
FN:50,(anonymous_1)
FN:86,(anonymous_2)
FN:109,(anonymous_3)
FN:142,(anonymous_4)
FN:164,(anonymous_5)
FN:188,(anonymous_6)
FNF:7
FNH:6
FNDA:1,(anonymous_0)
FNDA:1,(anonymous_1)
FNDA:1,(anonymous_2)
FNDA:1,(anonymous_3)
FNDA:1,(anonymous_4)
FNDA:0,(anonymous_5)
FNDA:1,(anonymous_6)
DA:1,1
DA:3,1
DA:4,1
DA:6,1
DA:8,1
DA:9,1
DA:10,1
DA:11,0
DA:13,1
DA:15,1
DA:17,1
DA:26,1
DA:29,1
DA:34,1
DA:35,1
DA:37,1
DA:45,0
DA:46,0
DA:50,1
DA:51,1
DA:56,1
DA:57,1
DA:62,1
DA:63,0
DA:65,1
DA:66,1
DA:74,1
DA:81,0
DA:82,0
DA:86,1
DA:87,1
DA:88,1
DA:90,1
DA:91,1
DA:92,1
DA:101,1
DA:102,1
DA:104,0
DA:105,0
DA:109,1
DA:110,1
DA:111,1
DA:112,1
DA:115,1
DA:117,0
DA:121,1
DA:123,1
DA:126,1
DA:135,0
DA:136,0
DA:138,1
DA:142,1
DA:143,1
DA:144,1
DA:146,1
DA:148,1
DA:149,1
DA:157,0
DA:160,1
DA:164,1
DA:165,0
DA:166,0
DA:168,0
DA:170,0
DA:171,0
DA:179,0
DA:182,0
DA:188,1
DA:189,1
DA:191,1
DA:192,1
DA:193,1
DA:199,1
DA:200,1
DA:209,0
DA:210,0
LF:76
LH:55
BRDA:8,0,0,1
BRDA:8,0,1,1
BRDA:9,1,0,1
BRDA:9,1,1,1
BRDA:10,2,0,0
BRDA:10,2,1,1
BRDA:35,3,0,0
BRDA:35,3,1,1
BRDA:62,4,0,0
BRDA:62,4,1,1
BRDA:115,5,0,0
BRDA:115,5,1,1
BRF:12
BRH:8
end_of_record
TN:
SF:controllers\user-controller.js
FN:6,(anonymous_0)
FN:20,(anonymous_1)
FN:34,(anonymous_2)
FN:71,(anonymous_3)
FN:91,(anonymous_4)
FN:125,(anonymous_5)
FN:144,(anonymous_6)
FN:163,(anonymous_7)
FN:218,(anonymous_8)
FNF:9
FNH:9
FNDA:1,(anonymous_0)
FNDA:1,(anonymous_1)
FNDA:1,(anonymous_2)
FNDA:1,(anonymous_3)
FNDA:1,(anonymous_4)
FNDA:1,(anonymous_5)
FNDA:1,(anonymous_6)
FNDA:1,(anonymous_7)
FNDA:1,(anonymous_8)
DA:1,1
DA:2,1
DA:3,1
DA:4,1
DA:6,1
DA:7,1
DA:9,1
DA:10,1
DA:12,1
DA:15,0
DA:20,1
DA:21,1
DA:24,1
DA:25,1
DA:26,1
DA:27,1
DA:29,0
DA:30,0
DA:34,1
DA:36,1
DA:38,1
DA:47,1
DA:48,1
DA:49,0
DA:51,1
DA:52,1
DA:53,0
DA:58,1
DA:59,1
DA:60,1
DA:61,1
DA:63,0
DA:64,0
DA:71,1
DA:72,1
DA:74,1
DA:76,1
DA:77,1
DA:78,1
DA:79,0
DA:80,0
DA:82,1
DA:83,1
DA:85,0
DA:86,0
DA:91,1
DA:92,1
DA:93,1
DA:96,1
DA:97,1
DA:99,1
DA:100,1
DA:101,0
DA:103,1
DA:104,1
DA:105,1
DA:106,0
DA:109,1
DA:110,1
DA:112,1
DA:113,1
DA:114,1
DA:116,1
DA:118,1
DA:120,0
DA:125,1
DA:126,1
DA:128,1
DA:129,1
DA:131,1
DA:132,1
DA:133,1
DA:134,1
DA:137,0
DA:138,0
DA:139,0
DA:144,1
DA:145,1
DA:147,1
DA:148,1
DA:150,1
DA:151,1
DA:152,1
DA:153,1
DA:155,0
DA:157,0
DA:158,0
DA:159,0
DA:163,1
DA:166,1
DA:167,1
DA:169,1
DA:170,1
DA:171,1
DA:172,1
DA:173,1
DA:174,0
DA:177,1
DA:178,1
DA:179,1
DA:180,0
DA:182,1
DA:183,1
DA:186,1
DA:187,1
DA:188,1
DA:189,0
DA:191,1
DA:192,1
DA:195,1
DA:196,1
DA:197,1
DA:200,1
DA:201,1
DA:202,1
DA:205,1
DA:206,1
DA:209,1
DA:210,1
DA:211,1
DA:214,0
DA:215,0
DA:218,1
DA:219,1
DA:220,1
DA:222,1
DA:223,1
DA:224,1
DA:226,0
DA:227,0
LF:130
LH:102
BRDA:48,0,0,0
BRDA:48,0,1,1
BRDA:52,1,0,0
BRDA:52,1,1,1
BRDA:78,2,0,0
BRDA:78,2,1,1
BRDA:100,3,0,0
BRDA:100,3,1,1
BRDA:105,4,0,0
BRDA:105,4,1,1
BRDA:131,5,0,1
BRDA:131,5,1,0
BRDA:150,6,0,1
BRDA:150,6,1,0
BRDA:173,7,0,0
BRDA:173,7,1,1
BRDA:177,8,0,1
BRDA:177,8,1,0
BRDA:179,9,0,0
BRDA:179,9,1,1
BRDA:179,10,0,1
BRDA:179,10,1,0
BRDA:186,11,0,1
BRDA:186,11,1,0
BRDA:188,12,0,0
BRDA:188,12,1,1
BRDA:188,13,0,1
BRDA:188,13,1,0
BRDA:195,14,0,1
BRDA:195,14,1,0
BRDA:200,15,0,1
BRDA:200,15,1,0
BRDA:205,16,0,1
BRDA:205,16,1,0
BRF:34
BRH:17
end_of_record
TN:
SF:logger\logger.js
FNF:0
FNH:0
DA:1,1
DA:2,1
DA:3,1
DA:5,1
DA:7,1
DA:9,1
DA:17,1
DA:50,1
LF:8
LH:8
BRF:0
BRH:0
end_of_record
TN:
SF:middleware\cookieJwtAuth.js
FN:4,(anonymous_0)
FNF:1
FNH:1
FNDA:11,(anonymous_0)
DA:1,1
DA:4,1
DA:6,11
DA:8,11
DA:9,0
DA:13,11
DA:14,11
DA:15,11
DA:16,11
DA:17,11
DA:18,11
DA:20,0
DA:21,0
DA:25,1
LF:14
LH:11
BRDA:8,0,0,0
BRDA:8,0,1,11
BRF:2
BRH:1
end_of_record
TN:
SF:middleware\paginator.js
FN:1,(anonymous_0)
FN:2,(anonymous_1)
FNF:2
FNH:2
FNDA:3,(anonymous_0)
FNDA:3,(anonymous_1)
DA:1,1
DA:2,3
DA:3,3
DA:4,3
DA:5,3
DA:6,3
DA:7,3
DA:9,3
DA:17,3
DA:19,0
DA:24,1
LF:11
LH:10
BRDA:4,0,0,3
BRDA:4,0,1,3
BRDA:5,1,0,3
BRDA:5,1,1,3
BRF:4
BRH:4
end_of_record
TN:
SF:middleware\roles.js
FN:1,(anonymous_0)
FN:2,(anonymous_1)
FNF:2
FNH:2
FNDA:5,(anonymous_0)
FNDA:4,(anonymous_1)
DA:1,1
DA:2,5
DA:3,4
DA:5,4
DA:6,0
DA:8,0
DA:11,4
DA:12,0
DA:14,0
DA:16,4
DA:18,4
DA:22,1
LF:12
LH:8
BRDA:5,0,0,0
BRDA:5,0,1,4
BRDA:11,1,0,0
BRDA:11,1,1,4
BRF:4
BRH:2
end_of_record
TN:
SF:models\user-model.js
FNF:0
FNH:0
DA:1,1
DA:2,1
DA:4,1
DA:6,1
DA:13,1
DA:81,1
DA:84,1
LF:7
LH:7
BRF:0
BRH:0
end_of_record
TN:
SF:routes\posts-routes.js
FNF:0
FNH:0
DA:1,1
DA:2,1
DA:3,1
DA:4,1
DA:5,1
DA:6,1
DA:7,1
DA:11,1
DA:12,1
DA:13,1
DA:14,1
DA:15,1
DA:16,1
DA:17,1
DA:21,1
LF:15
LH:15
BRF:0
BRH:0
end_of_record
TN:
SF:routes\user-routes.js
FNF:0
FNH:0
DA:1,1
DA:2,1
DA:3,1
DA:4,1
DA:6,1
DA:8,1
DA:9,1
DA:10,1
DA:11,1
DA:12,1
DA:13,1
DA:14,1
DA:15,1
DA:16,1
DA:18,1
LF:15
LH:15
BRF:0
BRH:0
end_of_record
